Start testing: Sep 02 20:16 IST
----------------------------------------------------------
89/116 Testing: Phase9.BatchNormGradcheck
89/116 Test: Phase9.BatchNormGradcheck
Command: "/home/mbhardwaj/Documents/madhav_files/placement_prep/minijax-cpp/minijax-cpp-archive/build/minijax_tests" "--gtest_filter=Phase9.BatchNormGradcheck" "--gtest_also_run_disabled_tests"
Directory: /home/mbhardwaj/Documents/madhav_files/placement_prep/minijax-cpp/minijax-cpp-archive/build
"Phase9.BatchNormGradcheck" start time: Sep 02 20:16 IST
Output:
----------------------------------------------------------
Running main() from /home/mbhardwaj/Documents/madhav_files/placement_prep/minijax-cpp/minijax-cpp-archive/build/_deps/googletest-src/googletest/src/gtest_main.cc
Note: Google Test filter = Phase9.BatchNormGradcheck
[==========] Running 1 test from 1 test suite.
[----------] Global test environment set-up.
[----------] 1 test from Phase9
[ RUN      ] Phase9.BatchNormGradcheck
[       OK ] Phase9.BatchNormGradcheck (0 ms)
[----------] 1 test from Phase9 (0 ms total)

[----------] Global test environment tear-down
[==========] 1 test from 1 test suite ran. (0 ms total)
[  PASSED  ] 1 test.
<end of output>
Test time =   0.04 sec
----------------------------------------------------------
Test Passed.
"Phase9.BatchNormGradcheck" end time: Sep 02 20:16 IST
"Phase9.BatchNormGradcheck" time elapsed: 00:00:00
----------------------------------------------------------

53/116 Testing: MemPlan.MultiConsumerBreaksInPlaceAndFusion
53/116 Test: MemPlan.MultiConsumerBreaksInPlaceAndFusion
Command: "/home/mbhardwaj/Documents/madhav_files/placement_prep/minijax-cpp/minijax-cpp-archive/build/minijax_tests" "--gtest_filter=MemPlan.MultiConsumerBreaksInPlaceAndFusion" "--gtest_also_run_disabled_tests"
Directory: /home/mbhardwaj/Documents/madhav_files/placement_prep/minijax-cpp/minijax-cpp-archive/build
"MemPlan.MultiConsumerBreaksInPlaceAndFusion" start time: Sep 02 20:16 IST
Output:
----------------------------------------------------------
Running main() from /home/mbhardwaj/Documents/madhav_files/placement_prep/minijax-cpp/minijax-cpp-archive/build/_deps/googletest-src/googletest/src/gtest_main.cc
Note: Google Test filter = MemPlan.MultiConsumerBreaksInPlaceAndFusion
[==========] Running 1 test from 1 test suite.
[----------] Global test environment set-up.
[----------] 1 test from MemPlan
[ RUN      ] MemPlan.MultiConsumerBreaksInPlaceAndFusion
[       OK ] MemPlan.MultiConsumerBreaksInPlaceAndFusion (0 ms)
[----------] 1 test from MemPlan (0 ms total)

[----------] Global test environment tear-down
[==========] 1 test from 1 test suite ran. (0 ms total)
[  PASSED  ] 1 test.
<end of output>
Test time =   0.03 sec
----------------------------------------------------------
Test Passed.
"MemPlan.MultiConsumerBreaksInPlaceAndFusion" end time: Sep 02 20:16 IST
"MemPlan.MultiConsumerBreaksInPlaceAndFusion" time elapsed: 00:00:00
----------------------------------------------------------

42/116 Testing: Jit.MatchesInterpreterOnLossFixture
42/116 Test: Jit.MatchesInterpreterOnLossFixture
Command: "/home/mbhardwaj/Documents/madhav_files/placement_prep/minijax-cpp/minijax-cpp-archive/build/minijax_tests" "--gtest_filter=Jit.MatchesInterpreterOnLossFixture" "--gtest_also_run_disabled_tests"
Directory: /home/mbhardwaj/Documents/madhav_files/placement_prep/minijax-cpp/minijax-cpp-archive/build
"Jit.MatchesInterpreterOnLossFixture" start time: Sep 02 20:16 IST
Output:
----------------------------------------------------------
Running main() from /home/mbhardwaj/Documents/madhav_files/placement_prep/minijax-cpp/minijax-cpp-archive/build/_deps/googletest-src/googletest/src/gtest_main.cc
Note: Google Test filter = Jit.MatchesInterpreterOnLossFixture
[==========] Running 1 test from 1 test suite.
[----------] Global test environment set-up.
[----------] 1 test from Jit
[ RUN      ] Jit.MatchesInterpreterOnLossFixture
[       OK ] Jit.MatchesInterpreterOnLossFixture (19 ms)
[----------] 1 test from Jit (19 ms total)

[----------] Global test environment tear-down
[==========] 1 test from 1 test suite ran. (19 ms total)
[  PASSED  ] 1 test.
<end of output>
Test time =   0.06 sec
----------------------------------------------------------
Test Passed.
"Jit.MatchesInterpreterOnLossFixture" end time: Sep 02 20:16 IST
"Jit.MatchesInterpreterOnLossFixture" time elapsed: 00:00:00
----------------------------------------------------------

46/116 Testing: Jit.RejectsWrongInputCountAndShape
46/116 Test: Jit.RejectsWrongInputCountAndShape
Command: "/home/mbhardwaj/Documents/madhav_files/placement_prep/minijax-cpp/minijax-cpp-archive/build/minijax_tests" "--gtest_filter=Jit.RejectsWrongInputCountAndShape" "--gtest_also_run_disabled_tests"
Directory: /home/mbhardwaj/Documents/madhav_files/placement_prep/minijax-cpp/minijax-cpp-archive/build
"Jit.RejectsWrongInputCountAndShape" start time: Sep 02 20:16 IST
Output:
----------------------------------------------------------
Running main() from /home/mbhardwaj/Documents/madhav_files/placement_prep/minijax-cpp/minijax-cpp-archive/build/_deps/googletest-src/googletest/src/gtest_main.cc
Note: Google Test filter = Jit.RejectsWrongInputCountAndShape
[==========] Running 1 test from 1 test suite.
[----------] Global test environment set-up.
[----------] 1 test from Jit
[ RUN      ] Jit.RejectsWrongInputCountAndShape
[       OK ] Jit.RejectsWrongInputCountAndShape (23 ms)
[----------] 1 test from Jit (24 ms total)

[----------] Global test environment tear-down
[==========] 1 test from 1 test suite ran. (24 ms total)
[  PASSED  ] 1 test.
<end of output>
Test time =   0.08 sec
----------------------------------------------------------
Test Passed.
"Jit.RejectsWrongInputCountAndShape" end time: Sep 02 20:16 IST
"Jit.RejectsWrongInputCountAndShape" time elapsed: 00:00:00
----------------------------------------------------------

47/116 Testing: Jit.ProgramReuseAcrossDifferentInputs
47/116 Test: Jit.ProgramReuseAcrossDifferentInputs
Command: "/home/mbhardwaj/Documents/madhav_files/placement_prep/minijax-cpp/minijax-cpp-archive/build/minijax_tests" "--gtest_filter=Jit.ProgramReuseAcrossDifferentInputs" "--gtest_also_run_disabled_tests"
Directory: /home/mbhardwaj/Documents/madhav_files/placement_prep/minijax-cpp/minijax-cpp-archive/build
"Jit.ProgramReuseAcrossDifferentInputs" start time: Sep 02 20:16 IST
Output:
----------------------------------------------------------
Running main() from /home/mbhardwaj/Documents/madhav_files/placement_prep/minijax-cpp/minijax-cpp-archive/build/_deps/googletest-src/googletest/src/gtest_main.cc
Note: Google Test filter = Jit.ProgramReuseAcrossDifferentInputs
[==========] Running 1 test from 1 test suite.
[----------] Global test environment set-up.
[----------] 1 test from Jit
[ RUN      ] Jit.ProgramReuseAcrossDifferentInputs
[       OK ] Jit.ProgramReuseAcrossDifferentInputs (9 ms)
[----------] 1 test from Jit (9 ms total)

[----------] Global test environment tear-down
[==========] 1 test from 1 test suite ran. (10 ms total)
[  PASSED  ] 1 test.
<end of output>
Test time =   0.05 sec
----------------------------------------------------------
Test Passed.
"Jit.ProgramReuseAcrossDifferentInputs" end time: Sep 02 20:16 IST
"Jit.ProgramReuseAcrossDifferentInputs" time elapsed: 00:00:00
----------------------------------------------------------

55/116 Testing: MemPlan.ReportContainsSummarySections
55/116 Test: MemPlan.ReportContainsSummarySections
Command: "/home/mbhardwaj/Documents/madhav_files/placement_prep/minijax-cpp/minijax-cpp-archive/build/minijax_tests" "--gtest_filter=MemPlan.ReportContainsSummarySections" "--gtest_also_run_disabled_tests"
Directory: /home/mbhardwaj/Documents/madhav_files/placement_prep/minijax-cpp/minijax-cpp-archive/build
"MemPlan.ReportContainsSummarySections" start time: Sep 02 20:16 IST
Output:
----------------------------------------------------------
Running main() from /home/mbhardwaj/Documents/madhav_files/placement_prep/minijax-cpp/minijax-cpp-archive/build/_deps/googletest-src/googletest/src/gtest_main.cc
Note: Google Test filter = MemPlan.ReportContainsSummarySections
[==========] Running 1 test from 1 test suite.
[----------] Global test environment set-up.
[----------] 1 test from MemPlan
[ RUN      ] MemPlan.ReportContainsSummarySections
[       OK ] MemPlan.ReportContainsSummarySections (0 ms)
[----------] 1 test from MemPlan (0 ms total)

[----------] Global test environment tear-down
[==========] 1 test from 1 test suite ran. (0 ms total)
[  PASSED  ] 1 test.
<end of output>
Test time =   0.04 sec
----------------------------------------------------------
Test Passed.
"MemPlan.ReportContainsSummarySections" end time: Sep 02 20:16 IST
"MemPlan.ReportContainsSummarySections" time elapsed: 00:00:00
----------------------------------------------------------

105/116 Testing: Verify.MulZeroFlaggedUnsoundDueToInfNan
105/116 Test: Verify.MulZeroFlaggedUnsoundDueToInfNan
Command: "/home/mbhardwaj/Documents/madhav_files/placement_prep/minijax-cpp/minijax-cpp-archive/build/minijax_tests" "--gtest_filter=Verify.MulZeroFlaggedUnsoundDueToInfNan" "--gtest_also_run_disabled_tests"
Directory: /home/mbhardwaj/Documents/madhav_files/placement_prep/minijax-cpp/minijax-cpp-archive/build
"Verify.MulZeroFlaggedUnsoundDueToInfNan" start time: Sep 02 20:16 IST
Output:
----------------------------------------------------------
Running main() from /home/mbhardwaj/Documents/madhav_files/placement_prep/minijax-cpp/minijax-cpp-archive/build/_deps/googletest-src/googletest/src/gtest_main.cc
Note: Google Test filter = Verify.MulZeroFlaggedUnsoundDueToInfNan
[==========] Running 1 test from 1 test suite.
[----------] Global test environment set-up.
[----------] 1 test from Verify
[ RUN      ] Verify.MulZeroFlaggedUnsoundDueToInfNan
[       OK ] Verify.MulZeroFlaggedUnsoundDueToInfNan (58 ms)
[----------] 1 test from Verify (58 ms total)

[----------] Global test environment tear-down
[==========] 1 test from 1 test suite ran. (58 ms total)
[  PASSED  ] 1 test.
<end of output>
Test time =   0.10 sec
----------------------------------------------------------
Test Passed.
"Verify.MulZeroFlaggedUnsoundDueToInfNan" end time: Sep 02 20:16 IST
"Verify.MulZeroFlaggedUnsoundDueToInfNan" time elapsed: 00:00:00
----------------------------------------------------------

43/116 Testing: Jit.MatchesInterpreterAndVmOnEveryCoreOp
43/116 Test: Jit.MatchesInterpreterAndVmOnEveryCoreOp
Command: "/home/mbhardwaj/Documents/madhav_files/placement_prep/minijax-cpp/minijax-cpp-archive/build/minijax_tests" "--gtest_filter=Jit.MatchesInterpreterAndVmOnEveryCoreOp" "--gtest_also_run_disabled_tests"
Directory: /home/mbhardwaj/Documents/madhav_files/placement_prep/minijax-cpp/minijax-cpp-archive/build
"Jit.MatchesInterpreterAndVmOnEveryCoreOp" start time: Sep 02 20:16 IST
Output:
----------------------------------------------------------
Running main() from /home/mbhardwaj/Documents/madhav_files/placement_prep/minijax-cpp/minijax-cpp-archive/build/_deps/googletest-src/googletest/src/gtest_main.cc
Note: Google Test filter = Jit.MatchesInterpreterAndVmOnEveryCoreOp
[==========] Running 1 test from 1 test suite.
[----------] Global test environment set-up.
[----------] 1 test from Jit
[ RUN      ] Jit.MatchesInterpreterAndVmOnEveryCoreOp
[       OK ] Jit.MatchesInterpreterAndVmOnEveryCoreOp (60 ms)
[----------] 1 test from Jit (60 ms total)

[----------] Global test environment tear-down
[==========] 1 test from 1 test suite ran. (60 ms total)
[  PASSED  ] 1 test.
<end of output>
Test time =   0.10 sec
----------------------------------------------------------
Test Passed.
"Jit.MatchesInterpreterAndVmOnEveryCoreOp" end time: Sep 02 20:16 IST
"Jit.MatchesInterpreterAndVmOnEveryCoreOp" time elapsed: 00:00:00
----------------------------------------------------------

48/116 Testing: Jit.SpeedupVsInterpreterOnMatmulChainPrinted
48/116 Test: Jit.SpeedupVsInterpreterOnMatmulChainPrinted
Command: "/home/mbhardwaj/Documents/madhav_files/placement_prep/minijax-cpp/minijax-cpp-archive/build/minijax_tests" "--gtest_filter=Jit.SpeedupVsInterpreterOnMatmulChainPrinted" "--gtest_also_run_disabled_tests"
Directory: /home/mbhardwaj/Documents/madhav_files/placement_prep/minijax-cpp/minijax-cpp-archive/build
"Jit.SpeedupVsInterpreterOnMatmulChainPrinted" start time: Sep 02 20:16 IST
Output:
----------------------------------------------------------
Running main() from /home/mbhardwaj/Documents/madhav_files/placement_prep/minijax-cpp/minijax-cpp-archive/build/_deps/googletest-src/googletest/src/gtest_main.cc
Note: Google Test filter = Jit.SpeedupVsInterpreterOnMatmulChainPrinted
[==========] Running 1 test from 1 test suite.
[----------] Global test environment set-up.
[----------] 1 test from Jit
[ RUN      ] Jit.SpeedupVsInterpreterOnMatmulChainPrinted
[Jit speedup] matmul chain depth=40 dim=24: interp=0.145ms jit=0.134ms speedup=1.075x
[       OK ] Jit.SpeedupVsInterpreterOnMatmulChainPrinted (45 ms)
[----------] 1 test from Jit (45 ms total)

[----------] Global test environment tear-down
[==========] 1 test from 1 test suite ran. (46 ms total)
[  PASSED  ] 1 test.
<end of output>
Test time =   0.09 sec
----------------------------------------------------------
Test Passed.
"Jit.SpeedupVsInterpreterOnMatmulChainPrinted" end time: Sep 02 20:16 IST
"Jit.SpeedupVsInterpreterOnMatmulChainPrinted" time elapsed: 00:00:00
----------------------------------------------------------

44/116 Testing: Jit.MatchesInterpreterOnEveryGradientOutputOfLossFixture
44/116 Test: Jit.MatchesInterpreterOnEveryGradientOutputOfLossFixture
Command: "/home/mbhardwaj/Documents/madhav_files/placement_prep/minijax-cpp/minijax-cpp-archive/build/minijax_tests" "--gtest_filter=Jit.MatchesInterpreterOnEveryGradientOutputOfLossFixture" "--gtest_also_run_disabled_tests"
Directory: /home/mbhardwaj/Documents/madhav_files/placement_prep/minijax-cpp/minijax-cpp-archive/build
"Jit.MatchesInterpreterOnEveryGradientOutputOfLossFixture" start time: Sep 02 20:16 IST
Output:
----------------------------------------------------------
Running main() from /home/mbhardwaj/Documents/madhav_files/placement_prep/minijax-cpp/minijax-cpp-archive/build/_deps/googletest-src/googletest/src/gtest_main.cc
Note: Google Test filter = Jit.MatchesInterpreterOnEveryGradientOutputOfLossFixture
[==========] Running 1 test from 1 test suite.
[----------] Global test environment set-up.
[----------] 1 test from Jit
[ RUN      ] Jit.MatchesInterpreterOnEveryGradientOutputOfLossFixture
[       OK ] Jit.MatchesInterpreterOnEveryGradientOutputOfLossFixture (45 ms)
[----------] 1 test from Jit (45 ms total)

[----------] Global test environment tear-down
[==========] 1 test from 1 test suite ran. (45 ms total)
[  PASSED  ] 1 test.
<end of output>
Test time =   0.09 sec
----------------------------------------------------------
Test Passed.
"Jit.MatchesInterpreterOnEveryGradientOutputOfLossFixture" end time: Sep 02 20:16 IST
"Jit.MatchesInterpreterOnEveryGradientOutputOfLossFixture" time elapsed: 00:00:00
----------------------------------------------------------

54/116 Testing: MemPlan.FusionChainsDetectedOnUnaryStack
54/116 Test: MemPlan.FusionChainsDetectedOnUnaryStack
Command: "/home/mbhardwaj/Documents/madhav_files/placement_prep/minijax-cpp/minijax-cpp-archive/build/minijax_tests" "--gtest_filter=MemPlan.FusionChainsDetectedOnUnaryStack" "--gtest_also_run_disabled_tests"
Directory: /home/mbhardwaj/Documents/madhav_files/placement_prep/minijax-cpp/minijax-cpp-archive/build
"MemPlan.FusionChainsDetectedOnUnaryStack" start time: Sep 02 20:16 IST
Output:
----------------------------------------------------------
Running main() from /home/mbhardwaj/Documents/madhav_files/placement_prep/minijax-cpp/minijax-cpp-archive/build/_deps/googletest-src/googletest/src/gtest_main.cc
Note: Google Test filter = MemPlan.FusionChainsDetectedOnUnaryStack
[==========] Running 1 test from 1 test suite.
[----------] Global test environment set-up.
[----------] 1 test from MemPlan
[ RUN      ] MemPlan.FusionChainsDetectedOnUnaryStack
[       OK ] MemPlan.FusionChainsDetectedOnUnaryStack (0 ms)
[----------] 1 test from MemPlan (0 ms total)

[----------] Global test environment tear-down
[==========] 1 test from 1 test suite ran. (0 ms total)
[  PASSED  ] 1 test.
<end of output>
Test time =   0.04 sec
----------------------------------------------------------
Test Passed.
"MemPlan.FusionChainsDetectedOnUnaryStack" end time: Sep 02 20:16 IST
"MemPlan.FusionChainsDetectedOnUnaryStack" time elapsed: 00:00:00
----------------------------------------------------------

52/116 Testing: MemPlan.InPlaceCandidatesDetectedAndFiltered
52/116 Test: MemPlan.InPlaceCandidatesDetectedAndFiltered
Command: "/home/mbhardwaj/Documents/madhav_files/placement_prep/minijax-cpp/minijax-cpp-archive/build/minijax_tests" "--gtest_filter=MemPlan.InPlaceCandidatesDetectedAndFiltered" "--gtest_also_run_disabled_tests"
Directory: /home/mbhardwaj/Documents/madhav_files/placement_prep/minijax-cpp/minijax-cpp-archive/build
"MemPlan.InPlaceCandidatesDetectedAndFiltered" start time: Sep 02 20:16 IST
Output:
----------------------------------------------------------
Running main() from /home/mbhardwaj/Documents/madhav_files/placement_prep/minijax-cpp/minijax-cpp-archive/build/_deps/googletest-src/googletest/src/gtest_main.cc
Note: Google Test filter = MemPlan.InPlaceCandidatesDetectedAndFiltered
[==========] Running 1 test from 1 test suite.
[----------] Global test environment set-up.
[----------] 1 test from MemPlan
[ RUN      ] MemPlan.InPlaceCandidatesDetectedAndFiltered
[       OK ] MemPlan.InPlaceCandidatesDetectedAndFiltered (0 ms)
[----------] 1 test from MemPlan (0 ms total)

[----------] Global test environment tear-down
[==========] 1 test from 1 test suite ran. (0 ms total)
[  PASSED  ] 1 test.
<end of output>
Test time =   0.04 sec
----------------------------------------------------------
Test Passed.
"MemPlan.InPlaceCandidatesDetectedAndFiltered" end time: Sep 02 20:16 IST
"MemPlan.InPlaceCandidatesDetectedAndFiltered" time elapsed: 00:00:00
----------------------------------------------------------

56/116 Testing: Nn.MlpForwardProducesCorrectShape
56/116 Test: Nn.MlpForwardProducesCorrectShape
Command: "/home/mbhardwaj/Documents/madhav_files/placement_prep/minijax-cpp/minijax-cpp-archive/build/minijax_tests" "--gtest_filter=Nn.MlpForwardProducesCorrectShape" "--gtest_also_run_disabled_tests"
Directory: /home/mbhardwaj/Documents/madhav_files/placement_prep/minijax-cpp/minijax-cpp-archive/build
"Nn.MlpForwardProducesCorrectShape" start time: Sep 02 20:16 IST
Output:
----------------------------------------------------------
Running main() from /home/mbhardwaj/Documents/madhav_files/placement_prep/minijax-cpp/minijax-cpp-archive/build/_deps/googletest-src/googletest/src/gtest_main.cc
Note: Google Test filter = Nn.MlpForwardProducesCorrectShape
[==========] Running 1 test from 1 test suite.
[----------] Global test environment set-up.
[----------] 1 test from Nn
[ RUN      ] Nn.MlpForwardProducesCorrectShape
[       OK ] Nn.MlpForwardProducesCorrectShape (0 ms)
[----------] 1 test from Nn (0 ms total)

[----------] Global test environment tear-down
[==========] 1 test from 1 test suite ran. (0 ms total)
[  PASSED  ] 1 test.
<end of output>
Test time =   0.04 sec
----------------------------------------------------------
Test Passed.
"Nn.MlpForwardProducesCorrectShape" end time: Sep 02 20:16 IST
"Nn.MlpForwardProducesCorrectShape" time elapsed: 00:00:00
----------------------------------------------------------

88/116 Testing: Phase9.BatchNormNormalizesToZeroMeanUnitVar
88/116 Test: Phase9.BatchNormNormalizesToZeroMeanUnitVar
Command: "/home/mbhardwaj/Documents/madhav_files/placement_prep/minijax-cpp/minijax-cpp-archive/build/minijax_tests" "--gtest_filter=Phase9.BatchNormNormalizesToZeroMeanUnitVar" "--gtest_also_run_disabled_tests"
Directory: /home/mbhardwaj/Documents/madhav_files/placement_prep/minijax-cpp/minijax-cpp-archive/build
"Phase9.BatchNormNormalizesToZeroMeanUnitVar" start time: Sep 02 20:16 IST
Output:
----------------------------------------------------------
Running main() from /home/mbhardwaj/Documents/madhav_files/placement_prep/minijax-cpp/minijax-cpp-archive/build/_deps/googletest-src/googletest/src/gtest_main.cc
Note: Google Test filter = Phase9.BatchNormNormalizesToZeroMeanUnitVar
[==========] Running 1 test from 1 test suite.
[----------] Global test environment set-up.
[----------] 1 test from Phase9
[ RUN      ] Phase9.BatchNormNormalizesToZeroMeanUnitVar
[       OK ] Phase9.BatchNormNormalizesToZeroMeanUnitVar (0 ms)
[----------] 1 test from Phase9 (0 ms total)

[----------] Global test environment tear-down
[==========] 1 test from 1 test suite ran. (0 ms total)
[  PASSED  ] 1 test.
<end of output>
Test time =   0.04 sec
----------------------------------------------------------
Test Passed.
"Phase9.BatchNormNormalizesToZeroMeanUnitVar" end time: Sep 02 20:16 IST
"Phase9.BatchNormNormalizesToZeroMeanUnitVar" time elapsed: 00:00:00
----------------------------------------------------------

87/116 Testing: Phase9.SoftmaxCrossEntropyGradcheck
87/116 Test: Phase9.SoftmaxCrossEntropyGradcheck
Command: "/home/mbhardwaj/Documents/madhav_files/placement_prep/minijax-cpp/minijax-cpp-archive/build/minijax_tests" "--gtest_filter=Phase9.SoftmaxCrossEntropyGradcheck" "--gtest_also_run_disabled_tests"
Directory: /home/mbhardwaj/Documents/madhav_files/placement_prep/minijax-cpp/minijax-cpp-archive/build
"Phase9.SoftmaxCrossEntropyGradcheck" start time: Sep 02 20:16 IST
Output:
----------------------------------------------------------
Running main() from /home/mbhardwaj/Documents/madhav_files/placement_prep/minijax-cpp/minijax-cpp-archive/build/_deps/googletest-src/googletest/src/gtest_main.cc
Note: Google Test filter = Phase9.SoftmaxCrossEntropyGradcheck
[==========] Running 1 test from 1 test suite.
[----------] Global test environment set-up.
[----------] 1 test from Phase9
[ RUN      ] Phase9.SoftmaxCrossEntropyGradcheck
[       OK ] Phase9.SoftmaxCrossEntropyGradcheck (0 ms)
[----------] 1 test from Phase9 (0 ms total)

[----------] Global test environment tear-down
[==========] 1 test from 1 test suite ran. (0 ms total)
[  PASSED  ] 1 test.
<end of output>
Test time =   0.04 sec
----------------------------------------------------------
Test Passed.
"Phase9.SoftmaxCrossEntropyGradcheck" end time: Sep 02 20:16 IST
"Phase9.SoftmaxCrossEntropyGradcheck" time elapsed: 00:00:00
----------------------------------------------------------

90/116 Testing: Smoke.BuildPipelineWorks
90/116 Test: Smoke.BuildPipelineWorks
Command: "/home/mbhardwaj/Documents/madhav_files/placement_prep/minijax-cpp/minijax-cpp-archive/build/minijax_tests" "--gtest_filter=Smoke.BuildPipelineWorks" "--gtest_also_run_disabled_tests"
Directory: /home/mbhardwaj/Documents/madhav_files/placement_prep/minijax-cpp/minijax-cpp-archive/build
"Smoke.BuildPipelineWorks" start time: Sep 02 20:16 IST
Output:
----------------------------------------------------------
Running main() from /home/mbhardwaj/Documents/madhav_files/placement_prep/minijax-cpp/minijax-cpp-archive/build/_deps/googletest-src/googletest/src/gtest_main.cc
Note: Google Test filter = Smoke.BuildPipelineWorks
[==========] Running 1 test from 1 test suite.
[----------] Global test environment set-up.
[----------] 1 test from Smoke
[ RUN      ] Smoke.BuildPipelineWorks
[       OK ] Smoke.BuildPipelineWorks (0 ms)
[----------] 1 test from Smoke (0 ms total)

[----------] Global test environment tear-down
[==========] 1 test from 1 test suite ran. (0 ms total)
[  PASSED  ] 1 test.
<end of output>
Test time =   0.03 sec
----------------------------------------------------------
Test Passed.
"Smoke.BuildPipelineWorks" end time: Sep 02 20:16 IST
"Smoke.BuildPipelineWorks" time elapsed: 00:00:00
----------------------------------------------------------

19/116 Testing: Frontend.ShapeErrorsAreReadableWithLineInfo
19/116 Test: Frontend.ShapeErrorsAreReadableWithLineInfo
Command: "/home/mbhardwaj/Documents/madhav_files/placement_prep/minijax-cpp/minijax-cpp-archive/build/minijax_tests" "--gtest_filter=Frontend.ShapeErrorsAreReadableWithLineInfo" "--gtest_also_run_disabled_tests"
Directory: /home/mbhardwaj/Documents/madhav_files/placement_prep/minijax-cpp/minijax-cpp-archive/build
"Frontend.ShapeErrorsAreReadableWithLineInfo" start time: Sep 02 20:16 IST
Output:
----------------------------------------------------------
Running main() from /home/mbhardwaj/Documents/madhav_files/placement_prep/minijax-cpp/minijax-cpp-archive/build/_deps/googletest-src/googletest/src/gtest_main.cc
Note: Google Test filter = Frontend.ShapeErrorsAreReadableWithLineInfo
[==========] Running 1 test from 1 test suite.
[----------] Global test environment set-up.
[----------] 1 test from Frontend
[ RUN      ] Frontend.ShapeErrorsAreReadableWithLineInfo
[       OK ] Frontend.ShapeErrorsAreReadableWithLineInfo (0 ms)
[----------] 1 test from Frontend (0 ms total)

[----------] Global test environment tear-down
[==========] 1 test from 1 test suite ran. (0 ms total)
[  PASSED  ] 1 test.
<end of output>
Test time =   0.04 sec
----------------------------------------------------------
Test Passed.
"Frontend.ShapeErrorsAreReadableWithLineInfo" end time: Sep 02 20:16 IST
"Frontend.ShapeErrorsAreReadableWithLineInfo" time elapsed: 00:00:00
----------------------------------------------------------

51/116 Testing: MemPlan.SlotsReuseAcrossSameNumelShapes
51/116 Test: MemPlan.SlotsReuseAcrossSameNumelShapes
Command: "/home/mbhardwaj/Documents/madhav_files/placement_prep/minijax-cpp/minijax-cpp-archive/build/minijax_tests" "--gtest_filter=MemPlan.SlotsReuseAcrossSameNumelShapes" "--gtest_also_run_disabled_tests"
Directory: /home/mbhardwaj/Documents/madhav_files/placement_prep/minijax-cpp/minijax-cpp-archive/build
"MemPlan.SlotsReuseAcrossSameNumelShapes" start time: Sep 02 20:16 IST
Output:
----------------------------------------------------------
Running main() from /home/mbhardwaj/Documents/madhav_files/placement_prep/minijax-cpp/minijax-cpp-archive/build/_deps/googletest-src/googletest/src/gtest_main.cc
Note: Google Test filter = MemPlan.SlotsReuseAcrossSameNumelShapes
[==========] Running 1 test from 1 test suite.
[----------] Global test environment set-up.
[----------] 1 test from MemPlan
[ RUN      ] MemPlan.SlotsReuseAcrossSameNumelShapes
[       OK ] MemPlan.SlotsReuseAcrossSameNumelShapes (0 ms)
[----------] 1 test from MemPlan (0 ms total)

[----------] Global test environment tear-down
[==========] 1 test from 1 test suite ran. (0 ms total)
[  PASSED  ] 1 test.
<end of output>
Test time =   0.04 sec
----------------------------------------------------------
Test Passed.
"MemPlan.SlotsReuseAcrossSameNumelShapes" end time: Sep 02 20:16 IST
"MemPlan.SlotsReuseAcrossSameNumelShapes" time elapsed: 00:00:00
----------------------------------------------------------

103/116 Testing: Verify.CommutativityIsSoundOverReals
103/116 Test: Verify.CommutativityIsSoundOverReals
Command: "/home/mbhardwaj/Documents/madhav_files/placement_prep/minijax-cpp/minijax-cpp-archive/build/minijax_tests" "--gtest_filter=Verify.CommutativityIsSoundOverReals" "--gtest_also_run_disabled_tests"
Directory: /home/mbhardwaj/Documents/madhav_files/placement_prep/minijax-cpp/minijax-cpp-archive/build
"Verify.CommutativityIsSoundOverReals" start time: Sep 02 20:16 IST
Output:
----------------------------------------------------------
Running main() from /home/mbhardwaj/Documents/madhav_files/placement_prep/minijax-cpp/minijax-cpp-archive/build/_deps/googletest-src/googletest/src/gtest_main.cc
Note: Google Test filter = Verify.CommutativityIsSoundOverReals
[==========] Running 1 test from 1 test suite.
[----------] Global test environment set-up.
[----------] 1 test from Verify
[ RUN      ] Verify.CommutativityIsSoundOverReals
[       OK ] Verify.CommutativityIsSoundOverReals (116 ms)
[----------] 1 test from Verify (116 ms total)

[----------] Global test environment tear-down
[==========] 1 test from 1 test suite ran. (117 ms total)
[  PASSED  ] 1 test.
<end of output>
Test time =   0.17 sec
----------------------------------------------------------
Test Passed.
"Verify.CommutativityIsSoundOverReals" end time: Sep 02 20:16 IST
"Verify.CommutativityIsSoundOverReals" time elapsed: 00:00:00
----------------------------------------------------------

74/116 Testing: Opt.OptimizeSoundStillCorrectOnMatmulChain
74/116 Test: Opt.OptimizeSoundStillCorrectOnMatmulChain
Command: "/home/mbhardwaj/Documents/madhav_files/placement_prep/minijax-cpp/minijax-cpp-archive/build/minijax_tests" "--gtest_filter=Opt.OptimizeSoundStillCorrectOnMatmulChain" "--gtest_also_run_disabled_tests"
Directory: /home/mbhardwaj/Documents/madhav_files/placement_prep/minijax-cpp/minijax-cpp-archive/build
"Opt.OptimizeSoundStillCorrectOnMatmulChain" start time: Sep 02 20:16 IST
Output:
----------------------------------------------------------
Running main() from /home/mbhardwaj/Documents/madhav_files/placement_prep/minijax-cpp/minijax-cpp-archive/build/_deps/googletest-src/googletest/src/gtest_main.cc
Note: Google Test filter = Opt.OptimizeSoundStillCorrectOnMatmulChain
[==========] Running 1 test from 1 test suite.
[----------] Global test environment set-up.
[----------] 1 test from Opt
[ RUN      ] Opt.OptimizeSoundStillCorrectOnMatmulChain
[       OK ] Opt.OptimizeSoundStillCorrectOnMatmulChain (0 ms)
[----------] 1 test from Opt (0 ms total)

[----------] Global test environment tear-down
[==========] 1 test from 1 test suite ran. (0 ms total)
[  PASSED  ] 1 test.
<end of output>
Test time =   0.04 sec
----------------------------------------------------------
Test Passed.
"Opt.OptimizeSoundStillCorrectOnMatmulChain" end time: Sep 02 20:16 IST
"Opt.OptimizeSoundStillCorrectOnMatmulChain" time elapsed: 00:00:00
----------------------------------------------------------

75/116 Testing: EGraph.HashconsDedupsIdenticalNodes
75/116 Test: EGraph.HashconsDedupsIdenticalNodes
Command: "/home/mbhardwaj/Documents/madhav_files/placement_prep/minijax-cpp/minijax-cpp-archive/build/minijax_tests" "--gtest_filter=EGraph.HashconsDedupsIdenticalNodes" "--gtest_also_run_disabled_tests"
Directory: /home/mbhardwaj/Documents/madhav_files/placement_prep/minijax-cpp/minijax-cpp-archive/build
"EGraph.HashconsDedupsIdenticalNodes" start time: Sep 02 20:16 IST
Output:
----------------------------------------------------------
Running main() from /home/mbhardwaj/Documents/madhav_files/placement_prep/minijax-cpp/minijax-cpp-archive/build/_deps/googletest-src/googletest/src/gtest_main.cc
Note: Google Test filter = EGraph.HashconsDedupsIdenticalNodes
[==========] Running 1 test from 1 test suite.
[----------] Global test environment set-up.
[----------] 1 test from EGraph
[ RUN      ] EGraph.HashconsDedupsIdenticalNodes
[       OK ] EGraph.HashconsDedupsIdenticalNodes (0 ms)
[----------] 1 test from EGraph (0 ms total)

[----------] Global test environment tear-down
[==========] 1 test from 1 test suite ran. (0 ms total)
[  PASSED  ] 1 test.
<end of output>
Test time =   0.05 sec
----------------------------------------------------------
Test Passed.
"EGraph.HashconsDedupsIdenticalNodes" end time: Sep 02 20:16 IST
"EGraph.HashconsDedupsIdenticalNodes" time elapsed: 00:00:00
----------------------------------------------------------

20/116 Testing: Frontend.SemanticErrorsAreReadableToo
20/116 Test: Frontend.SemanticErrorsAreReadableToo
Command: "/home/mbhardwaj/Documents/madhav_files/placement_prep/minijax-cpp/minijax-cpp-archive/build/minijax_tests" "--gtest_filter=Frontend.SemanticErrorsAreReadableToo" "--gtest_also_run_disabled_tests"
Directory: /home/mbhardwaj/Documents/madhav_files/placement_prep/minijax-cpp/minijax-cpp-archive/build
"Frontend.SemanticErrorsAreReadableToo" start time: Sep 02 20:16 IST
Output:
----------------------------------------------------------
Running main() from /home/mbhardwaj/Documents/madhav_files/placement_prep/minijax-cpp/minijax-cpp-archive/build/_deps/googletest-src/googletest/src/gtest_main.cc
Note: Google Test filter = Frontend.SemanticErrorsAreReadableToo
[==========] Running 1 test from 1 test suite.
[----------] Global test environment set-up.
[----------] 1 test from Frontend
[ RUN      ] Frontend.SemanticErrorsAreReadableToo
[       OK ] Frontend.SemanticErrorsAreReadableToo (0 ms)
[----------] 1 test from Frontend (0 ms total)

[----------] Global test environment tear-down
[==========] 1 test from 1 test suite ran. (0 ms total)
[  PASSED  ] 1 test.
<end of output>
Test time =   0.05 sec
----------------------------------------------------------
Test Passed.
"Frontend.SemanticErrorsAreReadableToo" end time: Sep 02 20:16 IST
"Frontend.SemanticErrorsAreReadableToo" time elapsed: 00:00:00
----------------------------------------------------------

49/116 Testing: MemPlan.SharedLivenessMatchesManualAnalysis
49/116 Test: MemPlan.SharedLivenessMatchesManualAnalysis
Command: "/home/mbhardwaj/Documents/madhav_files/placement_prep/minijax-cpp/minijax-cpp-archive/build/minijax_tests" "--gtest_filter=MemPlan.SharedLivenessMatchesManualAnalysis" "--gtest_also_run_disabled_tests"
Directory: /home/mbhardwaj/Documents/madhav_files/placement_prep/minijax-cpp/minijax-cpp-archive/build
"MemPlan.SharedLivenessMatchesManualAnalysis" start time: Sep 02 20:16 IST
Output:
----------------------------------------------------------
Running main() from /home/mbhardwaj/Documents/madhav_files/placement_prep/minijax-cpp/minijax-cpp-archive/build/_deps/googletest-src/googletest/src/gtest_main.cc
Note: Google Test filter = MemPlan.SharedLivenessMatchesManualAnalysis
[==========] Running 1 test from 1 test suite.
[----------] Global test environment set-up.
[----------] 1 test from MemPlan
[ RUN      ] MemPlan.SharedLivenessMatchesManualAnalysis
[       OK ] MemPlan.SharedLivenessMatchesManualAnalysis (0 ms)
[----------] 1 test from MemPlan (0 ms total)

[----------] Global test environment tear-down
[==========] 1 test from 1 test suite ran. (0 ms total)
[  PASSED  ] 1 test.
<end of output>
Test time =   0.05 sec
----------------------------------------------------------
Test Passed.
"MemPlan.SharedLivenessMatchesManualAnalysis" end time: Sep 02 20:16 IST
"MemPlan.SharedLivenessMatchesManualAnalysis" time elapsed: 00:00:00
----------------------------------------------------------

26/116 Testing: Fuzz.InterpVsJitOracleAgreesOnKnownGoodGraph
26/116 Test: Fuzz.InterpVsJitOracleAgreesOnKnownGoodGraph
Command: "/home/mbhardwaj/Documents/madhav_files/placement_prep/minijax-cpp/minijax-cpp-archive/build/minijax_tests" "--gtest_filter=Fuzz.InterpVsJitOracleAgreesOnKnownGoodGraph" "--gtest_also_run_disabled_tests"
Directory: /home/mbhardwaj/Documents/madhav_files/placement_prep/minijax-cpp/minijax-cpp-archive/build
"Fuzz.InterpVsJitOracleAgreesOnKnownGoodGraph" start time: Sep 02 20:16 IST
Output:
----------------------------------------------------------
Running main() from /home/mbhardwaj/Documents/madhav_files/placement_prep/minijax-cpp/minijax-cpp-archive/build/_deps/googletest-src/googletest/src/gtest_main.cc
Note: Google Test filter = Fuzz.InterpVsJitOracleAgreesOnKnownGoodGraph
[==========] Running 1 test from 1 test suite.
[----------] Global test environment set-up.
[----------] 1 test from Fuzz
[ RUN      ] Fuzz.InterpVsJitOracleAgreesOnKnownGoodGraph
[       OK ] Fuzz.InterpVsJitOracleAgreesOnKnownGoodGraph (12 ms)
[----------] 1 test from Fuzz (12 ms total)

[----------] Global test environment tear-down
[==========] 1 test from 1 test suite ran. (12 ms total)
[  PASSED  ] 1 test.
<end of output>
Test time =   0.05 sec
----------------------------------------------------------
Test Passed.
"Fuzz.InterpVsJitOracleAgreesOnKnownGoodGraph" end time: Sep 02 20:16 IST
"Fuzz.InterpVsJitOracleAgreesOnKnownGoodGraph" time elapsed: 00:00:00
----------------------------------------------------------

77/116 Testing: EGraph.SaturateTerminates
77/116 Test: EGraph.SaturateTerminates
Command: "/home/mbhardwaj/Documents/madhav_files/placement_prep/minijax-cpp/minijax-cpp-archive/build/minijax_tests" "--gtest_filter=EGraph.SaturateTerminates" "--gtest_also_run_disabled_tests"
Directory: /home/mbhardwaj/Documents/madhav_files/placement_prep/minijax-cpp/minijax-cpp-archive/build
"EGraph.SaturateTerminates" start time: Sep 02 20:16 IST
Output:
----------------------------------------------------------
Running main() from /home/mbhardwaj/Documents/madhav_files/placement_prep/minijax-cpp/minijax-cpp-archive/build/_deps/googletest-src/googletest/src/gtest_main.cc
Note: Google Test filter = EGraph.SaturateTerminates
[==========] Running 1 test from 1 test suite.
[----------] Global test environment set-up.
[----------] 1 test from EGraph
[ RUN      ] EGraph.SaturateTerminates
[       OK ] EGraph.SaturateTerminates (0 ms)
[----------] 1 test from EGraph (0 ms total)

[----------] Global test environment tear-down
[==========] 1 test from 1 test suite ran. (0 ms total)
[  PASSED  ] 1 test.
<end of output>
Test time =   0.03 sec
----------------------------------------------------------
Test Passed.
"EGraph.SaturateTerminates" end time: Sep 02 20:16 IST
"EGraph.SaturateTerminates" time elapsed: 00:00:00
----------------------------------------------------------

50/116 Testing: MemPlan.DeepMlpPeakMemoryReductionGate
50/116 Test: MemPlan.DeepMlpPeakMemoryReductionGate
Command: "/home/mbhardwaj/Documents/madhav_files/placement_prep/minijax-cpp/minijax-cpp-archive/build/minijax_tests" "--gtest_filter=MemPlan.DeepMlpPeakMemoryReductionGate" "--gtest_also_run_disabled_tests"
Directory: /home/mbhardwaj/Documents/madhav_files/placement_prep/minijax-cpp/minijax-cpp-archive/build
"MemPlan.DeepMlpPeakMemoryReductionGate" start time: Sep 02 20:16 IST
Output:
----------------------------------------------------------
Running main() from /home/mbhardwaj/Documents/madhav_files/placement_prep/minijax-cpp/minijax-cpp-archive/build/_deps/googletest-src/googletest/src/gtest_main.cc
Note: Google Test filter = MemPlan.DeepMlpPeakMemoryReductionGate
[==========] Running 1 test from 1 test suite.
[----------] Global test environment set-up.
[----------] 1 test from MemPlan
[ RUN      ] MemPlan.DeepMlpPeakMemoryReductionGate
[       OK ] MemPlan.DeepMlpPeakMemoryReductionGate (0 ms)
[----------] 1 test from MemPlan (0 ms total)

[----------] Global test environment tear-down
[==========] 1 test from 1 test suite ran. (0 ms total)
[  PASSED  ] 1 test.
<end of output>
Test time =   0.03 sec
----------------------------------------------------------
Test Passed.
"MemPlan.DeepMlpPeakMemoryReductionGate" end time: Sep 02 20:16 IST
"MemPlan.DeepMlpPeakMemoryReductionGate" time elapsed: 00:00:00
----------------------------------------------------------

106/116 Testing: Verify.DeliberatelyWrongRuleIsCaughtEvenOverReals
106/116 Test: Verify.DeliberatelyWrongRuleIsCaughtEvenOverReals
Command: "/home/mbhardwaj/Documents/madhav_files/placement_prep/minijax-cpp/minijax-cpp-archive/build/minijax_tests" "--gtest_filter=Verify.DeliberatelyWrongRuleIsCaughtEvenOverReals" "--gtest_also_run_disabled_tests"
Directory: /home/mbhardwaj/Documents/madhav_files/placement_prep/minijax-cpp/minijax-cpp-archive/build
"Verify.DeliberatelyWrongRuleIsCaughtEvenOverReals" start time: Sep 02 20:16 IST
Output:
----------------------------------------------------------
Running main() from /home/mbhardwaj/Documents/madhav_files/placement_prep/minijax-cpp/minijax-cpp-archive/build/_deps/googletest-src/googletest/src/gtest_main.cc
Note: Google Test filter = Verify.DeliberatelyWrongRuleIsCaughtEvenOverReals
[==========] Running 1 test from 1 test suite.
[----------] Global test environment set-up.
[----------] 1 test from Verify
[ RUN      ] Verify.DeliberatelyWrongRuleIsCaughtEvenOverReals
[       OK ] Verify.DeliberatelyWrongRuleIsCaughtEvenOverReals (169 ms)
[----------] 1 test from Verify (169 ms total)

[----------] Global test environment tear-down
[==========] 1 test from 1 test suite ran. (169 ms total)
[  PASSED  ] 1 test.
<end of output>
Test time =   0.20 sec
----------------------------------------------------------
Test Passed.
"Verify.DeliberatelyWrongRuleIsCaughtEvenOverReals" end time: Sep 02 20:16 IST
"Verify.DeliberatelyWrongRuleIsCaughtEvenOverReals" time elapsed: 00:00:00
----------------------------------------------------------

25/116 Testing: Fuzz.SeededCampaignFindsNoFailures
25/116 Test: Fuzz.SeededCampaignFindsNoFailures
Command: "/home/mbhardwaj/Documents/madhav_files/placement_prep/minijax-cpp/minijax-cpp-archive/build/minijax_tests" "--gtest_filter=Fuzz.SeededCampaignFindsNoFailures" "--gtest_also_run_disabled_tests"
Directory: /home/mbhardwaj/Documents/madhav_files/placement_prep/minijax-cpp/minijax-cpp-archive/build
"Fuzz.SeededCampaignFindsNoFailures" start time: Sep 02 20:16 IST
Output:
----------------------------------------------------------
Running main() from /home/mbhardwaj/Documents/madhav_files/placement_prep/minijax-cpp/minijax-cpp-archive/build/_deps/googletest-src/googletest/src/gtest_main.cc
Note: Google Test filter = Fuzz.SeededCampaignFindsNoFailures
[==========] Running 1 test from 1 test suite.
[----------] Global test environment set-up.
[----------] 1 test from Fuzz
[ RUN      ] Fuzz.SeededCampaignFindsNoFailures
[       OK ] Fuzz.SeededCampaignFindsNoFailures (12 ms)
[----------] 1 test from Fuzz (12 ms total)

[----------] Global test environment tear-down
[==========] 1 test from 1 test suite ran. (12 ms total)
[  PASSED  ] 1 test.
<end of output>
Test time =   0.05 sec
----------------------------------------------------------
Test Passed.
"Fuzz.SeededCampaignFindsNoFailures" end time: Sep 02 20:16 IST
"Fuzz.SeededCampaignFindsNoFailures" time elapsed: 00:00:00
----------------------------------------------------------

59/116 Testing: Nn.SgdStepMovesInNegativeGradientDirection
59/116 Test: Nn.SgdStepMovesInNegativeGradientDirection
Command: "/home/mbhardwaj/Documents/madhav_files/placement_prep/minijax-cpp/minijax-cpp-archive/build/minijax_tests" "--gtest_filter=Nn.SgdStepMovesInNegativeGradientDirection" "--gtest_also_run_disabled_tests"
Directory: /home/mbhardwaj/Documents/madhav_files/placement_prep/minijax-cpp/minijax-cpp-archive/build
"Nn.SgdStepMovesInNegativeGradientDirection" start time: Sep 02 20:16 IST
Output:
----------------------------------------------------------
Running main() from /home/mbhardwaj/Documents/madhav_files/placement_prep/minijax-cpp/minijax-cpp-archive/build/_deps/googletest-src/googletest/src/gtest_main.cc
Note: Google Test filter = Nn.SgdStepMovesInNegativeGradientDirection
[==========] Running 1 test from 1 test suite.
[----------] Global test environment set-up.
[----------] 1 test from Nn
[ RUN      ] Nn.SgdStepMovesInNegativeGradientDirection
[       OK ] Nn.SgdStepMovesInNegativeGradientDirection (0 ms)
[----------] 1 test from Nn (0 ms total)

[----------] Global test environment tear-down
[==========] 1 test from 1 test suite ran. (0 ms total)
[  PASSED  ] 1 test.
<end of output>
Test time =   0.03 sec
----------------------------------------------------------
Test Passed.
"Nn.SgdStepMovesInNegativeGradientDirection" end time: Sep 02 20:16 IST
"Nn.SgdStepMovesInNegativeGradientDirection" time elapsed: 00:00:00
----------------------------------------------------------

1/116 Testing: Autodiff.AddGradIsOnes
1/116 Test: Autodiff.AddGradIsOnes
Command: "/home/mbhardwaj/Documents/madhav_files/placement_prep/minijax-cpp/minijax-cpp-archive/build/minijax_tests" "--gtest_filter=Autodiff.AddGradIsOnes" "--gtest_also_run_disabled_tests"
Directory: /home/mbhardwaj/Documents/madhav_files/placement_prep/minijax-cpp/minijax-cpp-archive/build
"Autodiff.AddGradIsOnes" start time: Sep 02 20:16 IST
Output:
----------------------------------------------------------
Running main() from /home/mbhardwaj/Documents/madhav_files/placement_prep/minijax-cpp/minijax-cpp-archive/build/_deps/googletest-src/googletest/src/gtest_main.cc
Note: Google Test filter = Autodiff.AddGradIsOnes
[==========] Running 1 test from 1 test suite.
[----------] Global test environment set-up.
[----------] 1 test from Autodiff
[ RUN      ] Autodiff.AddGradIsOnes
[       OK ] Autodiff.AddGradIsOnes (0 ms)
[----------] 1 test from Autodiff (0 ms total)

[----------] Global test environment tear-down
[==========] 1 test from 1 test suite ran. (0 ms total)
[  PASSED  ] 1 test.
<end of output>
Test time =   0.03 sec
----------------------------------------------------------
Test Passed.
"Autodiff.AddGradIsOnes" end time: Sep 02 20:16 IST
"Autodiff.AddGradIsOnes" time elapsed: 00:00:00
----------------------------------------------------------

93/116 Testing: Tensor.ShapeMismatchThrows
93/116 Test: Tensor.ShapeMismatchThrows
Command: "/home/mbhardwaj/Documents/madhav_files/placement_prep/minijax-cpp/minijax-cpp-archive/build/minijax_tests" "--gtest_filter=Tensor.ShapeMismatchThrows" "--gtest_also_run_disabled_tests"
Directory: /home/mbhardwaj/Documents/madhav_files/placement_prep/minijax-cpp/minijax-cpp-archive/build
"Tensor.ShapeMismatchThrows" start time: Sep 02 20:16 IST
Output:
----------------------------------------------------------
Running main() from /home/mbhardwaj/Documents/madhav_files/placement_prep/minijax-cpp/minijax-cpp-archive/build/_deps/googletest-src/googletest/src/gtest_main.cc
Note: Google Test filter = Tensor.ShapeMismatchThrows
[==========] Running 1 test from 1 test suite.
[----------] Global test environment set-up.
[----------] 1 test from Tensor
[ RUN      ] Tensor.ShapeMismatchThrows
[       OK ] Tensor.ShapeMismatchThrows (0 ms)
[----------] 1 test from Tensor (0 ms total)

[----------] Global test environment tear-down
[==========] 1 test from 1 test suite ran. (0 ms total)
[  PASSED  ] 1 test.
<end of output>
Test time =   0.03 sec
----------------------------------------------------------
Test Passed.
"Tensor.ShapeMismatchThrows" end time: Sep 02 20:16 IST
"Tensor.ShapeMismatchThrows" time elapsed: 00:00:00
----------------------------------------------------------

57/116 Testing: Nn.ParamsCountMatchesLayerStructure
57/116 Test: Nn.ParamsCountMatchesLayerStructure
Command: "/home/mbhardwaj/Documents/madhav_files/placement_prep/minijax-cpp/minijax-cpp-archive/build/minijax_tests" "--gtest_filter=Nn.ParamsCountMatchesLayerStructure" "--gtest_also_run_disabled_tests"
Directory: /home/mbhardwaj/Documents/madhav_files/placement_prep/minijax-cpp/minijax-cpp-archive/build
"Nn.ParamsCountMatchesLayerStructure" start time: Sep 02 20:16 IST
Output:
----------------------------------------------------------
Running main() from /home/mbhardwaj/Documents/madhav_files/placement_prep/minijax-cpp/minijax-cpp-archive/build/_deps/googletest-src/googletest/src/gtest_main.cc
Note: Google Test filter = Nn.ParamsCountMatchesLayerStructure
[==========] Running 1 test from 1 test suite.
[----------] Global test environment set-up.
[----------] 1 test from Nn
[ RUN      ] Nn.ParamsCountMatchesLayerStructure
[       OK ] Nn.ParamsCountMatchesLayerStructure (0 ms)
[----------] 1 test from Nn (0 ms total)

[----------] Global test environment tear-down
[==========] 1 test from 1 test suite ran. (0 ms total)
[  PASSED  ] 1 test.
<end of output>
Test time =   0.03 sec
----------------------------------------------------------
Test Passed.
"Nn.ParamsCountMatchesLayerStructure" end time: Sep 02 20:16 IST
"Nn.ParamsCountMatchesLayerStructure" time elapsed: 00:00:00
----------------------------------------------------------

62/116 Testing: Nn.TwoMoonsGenerationIsDeterministicGivenSeed
62/116 Test: Nn.TwoMoonsGenerationIsDeterministicGivenSeed
Command: "/home/mbhardwaj/Documents/madhav_files/placement_prep/minijax-cpp/minijax-cpp-archive/build/minijax_tests" "--gtest_filter=Nn.TwoMoonsGenerationIsDeterministicGivenSeed" "--gtest_also_run_disabled_tests"
Directory: /home/mbhardwaj/Documents/madhav_files/placement_prep/minijax-cpp/minijax-cpp-archive/build
"Nn.TwoMoonsGenerationIsDeterministicGivenSeed" start time: Sep 02 20:16 IST
Output:
----------------------------------------------------------
Running main() from /home/mbhardwaj/Documents/madhav_files/placement_prep/minijax-cpp/minijax-cpp-archive/build/_deps/googletest-src/googletest/src/gtest_main.cc
Note: Google Test filter = Nn.TwoMoonsGenerationIsDeterministicGivenSeed
[==========] Running 1 test from 1 test suite.
[----------] Global test environment set-up.
[----------] 1 test from Nn
[ RUN      ] Nn.TwoMoonsGenerationIsDeterministicGivenSeed
[       OK ] Nn.TwoMoonsGenerationIsDeterministicGivenSeed (0 ms)
[----------] 1 test from Nn (0 ms total)

[----------] Global test environment tear-down
[==========] 1 test from 1 test suite ran. (0 ms total)
[  PASSED  ] 1 test.
<end of output>
Test time =   0.03 sec
----------------------------------------------------------
Test Passed.
"Nn.TwoMoonsGenerationIsDeterministicGivenSeed" end time: Sep 02 20:16 IST
"Nn.TwoMoonsGenerationIsDeterministicGivenSeed" time elapsed: 00:00:00
----------------------------------------------------------

76/116 Testing: EGraph.UniteMergesClasses
76/116 Test: EGraph.UniteMergesClasses
Command: "/home/mbhardwaj/Documents/madhav_files/placement_prep/minijax-cpp/minijax-cpp-archive/build/minijax_tests" "--gtest_filter=EGraph.UniteMergesClasses" "--gtest_also_run_disabled_tests"
Directory: /home/mbhardwaj/Documents/madhav_files/placement_prep/minijax-cpp/minijax-cpp-archive/build
"EGraph.UniteMergesClasses" start time: Sep 02 20:16 IST
Output:
----------------------------------------------------------
Running main() from /home/mbhardwaj/Documents/madhav_files/placement_prep/minijax-cpp/minijax-cpp-archive/build/_deps/googletest-src/googletest/src/gtest_main.cc
Note: Google Test filter = EGraph.UniteMergesClasses
[==========] Running 1 test from 1 test suite.
[----------] Global test environment set-up.
[----------] 1 test from EGraph
[ RUN      ] EGraph.UniteMergesClasses
[       OK ] EGraph.UniteMergesClasses (0 ms)
[----------] 1 test from EGraph (0 ms total)

[----------] Global test environment tear-down
[==========] 1 test from 1 test suite ran. (0 ms total)
[  PASSED  ] 1 test.
<end of output>
Test time =   0.03 sec
----------------------------------------------------------
Test Passed.
"EGraph.UniteMergesClasses" end time: Sep 02 20:16 IST
"EGraph.UniteMergesClasses" time elapsed: 00:00:00
----------------------------------------------------------

35/116 Testing: Ir.InputSlotsTrackOrder
35/116 Test: Ir.InputSlotsTrackOrder
Command: "/home/mbhardwaj/Documents/madhav_files/placement_prep/minijax-cpp/minijax-cpp-archive/build/minijax_tests" "--gtest_filter=Ir.InputSlotsTrackOrder" "--gtest_also_run_disabled_tests"
Directory: /home/mbhardwaj/Documents/madhav_files/placement_prep/minijax-cpp/minijax-cpp-archive/build
"Ir.InputSlotsTrackOrder" start time: Sep 02 20:16 IST
Output:
----------------------------------------------------------
Running main() from /home/mbhardwaj/Documents/madhav_files/placement_prep/minijax-cpp/minijax-cpp-archive/build/_deps/googletest-src/googletest/src/gtest_main.cc
Note: Google Test filter = Ir.InputSlotsTrackOrder
[==========] Running 1 test from 1 test suite.
[----------] Global test environment set-up.
[----------] 1 test from Ir
[ RUN      ] Ir.InputSlotsTrackOrder
[       OK ] Ir.InputSlotsTrackOrder (0 ms)
[----------] 1 test from Ir (0 ms total)

[----------] Global test environment tear-down
[==========] 1 test from 1 test suite ran. (0 ms total)
[  PASSED  ] 1 test.
<end of output>
Test time =   0.03 sec
----------------------------------------------------------
Test Passed.
"Ir.InputSlotsTrackOrder" end time: Sep 02 20:16 IST
"Ir.InputSlotsTrackOrder" time elapsed: 00:00:00
----------------------------------------------------------

21/116 Testing: Fuzz.GeneratedProgramIsWellFormedAndEvaluable
21/116 Test: Fuzz.GeneratedProgramIsWellFormedAndEvaluable
Command: "/home/mbhardwaj/Documents/madhav_files/placement_prep/minijax-cpp/minijax-cpp-archive/build/minijax_tests" "--gtest_filter=Fuzz.GeneratedProgramIsWellFormedAndEvaluable" "--gtest_also_run_disabled_tests"
Directory: /home/mbhardwaj/Documents/madhav_files/placement_prep/minijax-cpp/minijax-cpp-archive/build
"Fuzz.GeneratedProgramIsWellFormedAndEvaluable" start time: Sep 02 20:16 IST
Output:
----------------------------------------------------------
Running main() from /home/mbhardwaj/Documents/madhav_files/placement_prep/minijax-cpp/minijax-cpp-archive/build/_deps/googletest-src/googletest/src/gtest_main.cc
Note: Google Test filter = Fuzz.GeneratedProgramIsWellFormedAndEvaluable
[==========] Running 1 test from 1 test suite.
[----------] Global test environment set-up.
[----------] 1 test from Fuzz
[ RUN      ] Fuzz.GeneratedProgramIsWellFormedAndEvaluable
[       OK ] Fuzz.GeneratedProgramIsWellFormedAndEvaluable (0 ms)
[----------] 1 test from Fuzz (0 ms total)

[----------] Global test environment tear-down
[==========] 1 test from 1 test suite ran. (0 ms total)
[  PASSED  ] 1 test.
<end of output>
Test time =   0.03 sec
----------------------------------------------------------
Test Passed.
"Fuzz.GeneratedProgramIsWellFormedAndEvaluable" end time: Sep 02 20:16 IST
"Fuzz.GeneratedProgramIsWellFormedAndEvaluable" time elapsed: 00:00:00
----------------------------------------------------------

39/116 Testing: Ir.IncompatibleBroadcastThrows
39/116 Test: Ir.IncompatibleBroadcastThrows
Command: "/home/mbhardwaj/Documents/madhav_files/placement_prep/minijax-cpp/minijax-cpp-archive/build/minijax_tests" "--gtest_filter=Ir.IncompatibleBroadcastThrows" "--gtest_also_run_disabled_tests"
Directory: /home/mbhardwaj/Documents/madhav_files/placement_prep/minijax-cpp/minijax-cpp-archive/build
"Ir.IncompatibleBroadcastThrows" start time: Sep 02 20:16 IST
Output:
----------------------------------------------------------
Running main() from /home/mbhardwaj/Documents/madhav_files/placement_prep/minijax-cpp/minijax-cpp-archive/build/_deps/googletest-src/googletest/src/gtest_main.cc
Note: Google Test filter = Ir.IncompatibleBroadcastThrows
[==========] Running 1 test from 1 test suite.
[----------] Global test environment set-up.
[----------] 1 test from Ir
[ RUN      ] Ir.IncompatibleBroadcastThrows
[       OK ] Ir.IncompatibleBroadcastThrows (0 ms)
[----------] 1 test from Ir (0 ms total)

[----------] Global test environment tear-down
[==========] 1 test from 1 test suite ran. (0 ms total)
[  PASSED  ] 1 test.
<end of output>
Test time =   0.03 sec
----------------------------------------------------------
Test Passed.
"Ir.IncompatibleBroadcastThrows" end time: Sep 02 20:16 IST
"Ir.IncompatibleBroadcastThrows" time elapsed: 00:00:00
----------------------------------------------------------

63/116 Testing: Nn.AdamLossDecreasesMonotonicallyOnFixedSample
63/116 Test: Nn.AdamLossDecreasesMonotonicallyOnFixedSample
Command: "/home/mbhardwaj/Documents/madhav_files/placement_prep/minijax-cpp/minijax-cpp-archive/build/minijax_tests" "--gtest_filter=Nn.AdamLossDecreasesMonotonicallyOnFixedSample" "--gtest_also_run_disabled_tests"
Directory: /home/mbhardwaj/Documents/madhav_files/placement_prep/minijax-cpp/minijax-cpp-archive/build
"Nn.AdamLossDecreasesMonotonicallyOnFixedSample" start time: Sep 02 20:16 IST
Output:
----------------------------------------------------------
Running main() from /home/mbhardwaj/Documents/madhav_files/placement_prep/minijax-cpp/minijax-cpp-archive/build/_deps/googletest-src/googletest/src/gtest_main.cc
Note: Google Test filter = Nn.AdamLossDecreasesMonotonicallyOnFixedSample
[==========] Running 1 test from 1 test suite.
[----------] Global test environment set-up.
[----------] 1 test from Nn
[ RUN      ] Nn.AdamLossDecreasesMonotonicallyOnFixedSample
[       OK ] Nn.AdamLossDecreasesMonotonicallyOnFixedSample (0 ms)
[----------] 1 test from Nn (0 ms total)

[----------] Global test environment tear-down
[==========] 1 test from 1 test suite ran. (0 ms total)
[  PASSED  ] 1 test.
<end of output>
Test time =   0.03 sec
----------------------------------------------------------
Test Passed.
"Nn.AdamLossDecreasesMonotonicallyOnFixedSample" end time: Sep 02 20:16 IST
"Nn.AdamLossDecreasesMonotonicallyOnFixedSample" time elapsed: 00:00:00
----------------------------------------------------------

12/116 Testing: Autodiff.LossFixtureGradcheckAllInputs
12/116 Test: Autodiff.LossFixtureGradcheckAllInputs
Command: "/home/mbhardwaj/Documents/madhav_files/placement_prep/minijax-cpp/minijax-cpp-archive/build/minijax_tests" "--gtest_filter=Autodiff.LossFixtureGradcheckAllInputs" "--gtest_also_run_disabled_tests"
Directory: /home/mbhardwaj/Documents/madhav_files/placement_prep/minijax-cpp/minijax-cpp-archive/build
"Autodiff.LossFixtureGradcheckAllInputs" start time: Sep 02 20:16 IST
Output:
----------------------------------------------------------
Running main() from /home/mbhardwaj/Documents/madhav_files/placement_prep/minijax-cpp/minijax-cpp-archive/build/_deps/googletest-src/googletest/src/gtest_main.cc
Note: Google Test filter = Autodiff.LossFixtureGradcheckAllInputs
[==========] Running 1 test from 1 test suite.
[----------] Global test environment set-up.
[----------] 1 test from Autodiff
[ RUN      ] Autodiff.LossFixtureGradcheckAllInputs
[       OK ] Autodiff.LossFixtureGradcheckAllInputs (0 ms)
[----------] 1 test from Autodiff (0 ms total)

[----------] Global test environment tear-down
[==========] 1 test from 1 test suite ran. (0 ms total)
[  PASSED  ] 1 test.
<end of output>
Test time =   0.04 sec
----------------------------------------------------------
Test Passed.
"Autodiff.LossFixtureGradcheckAllInputs" end time: Sep 02 20:16 IST
"Autodiff.LossFixtureGradcheckAllInputs" time elapsed: 00:00:00
----------------------------------------------------------

58/116 Testing: Nn.XavierInitIsWithinExpectedRange
58/116 Test: Nn.XavierInitIsWithinExpectedRange
Command: "/home/mbhardwaj/Documents/madhav_files/placement_prep/minijax-cpp/minijax-cpp-archive/build/minijax_tests" "--gtest_filter=Nn.XavierInitIsWithinExpectedRange" "--gtest_also_run_disabled_tests"
Directory: /home/mbhardwaj/Documents/madhav_files/placement_prep/minijax-cpp/minijax-cpp-archive/build
"Nn.XavierInitIsWithinExpectedRange" start time: Sep 02 20:16 IST
Output:
----------------------------------------------------------
Running main() from /home/mbhardwaj/Documents/madhav_files/placement_prep/minijax-cpp/minijax-cpp-archive/build/_deps/googletest-src/googletest/src/gtest_main.cc
Note: Google Test filter = Nn.XavierInitIsWithinExpectedRange
[==========] Running 1 test from 1 test suite.
[----------] Global test environment set-up.
[----------] 1 test from Nn
[ RUN      ] Nn.XavierInitIsWithinExpectedRange
[       OK ] Nn.XavierInitIsWithinExpectedRange (0 ms)
[----------] 1 test from Nn (0 ms total)

[----------] Global test environment tear-down
[==========] 1 test from 1 test suite ran. (0 ms total)
[  PASSED  ] 1 test.
<end of output>
Test time =   0.05 sec
----------------------------------------------------------
Test Passed.
"Nn.XavierInitIsWithinExpectedRange" end time: Sep 02 20:16 IST
"Nn.XavierInitIsWithinExpectedRange" time elapsed: 00:00:00
----------------------------------------------------------

101/116 Testing: Tensor.SumAxisReducesCorrectDim
101/116 Test: Tensor.SumAxisReducesCorrectDim
Command: "/home/mbhardwaj/Documents/madhav_files/placement_prep/minijax-cpp/minijax-cpp-archive/build/minijax_tests" "--gtest_filter=Tensor.SumAxisReducesCorrectDim" "--gtest_also_run_disabled_tests"
Directory: /home/mbhardwaj/Documents/madhav_files/placement_prep/minijax-cpp/minijax-cpp-archive/build
"Tensor.SumAxisReducesCorrectDim" start time: Sep 02 20:16 IST
Output:
----------------------------------------------------------
Running main() from /home/mbhardwaj/Documents/madhav_files/placement_prep/minijax-cpp/minijax-cpp-archive/build/_deps/googletest-src/googletest/src/gtest_main.cc
Note: Google Test filter = Tensor.SumAxisReducesCorrectDim
[==========] Running 1 test from 1 test suite.
[----------] Global test environment set-up.
[----------] 1 test from Tensor
[ RUN      ] Tensor.SumAxisReducesCorrectDim
[       OK ] Tensor.SumAxisReducesCorrectDim (0 ms)
[----------] 1 test from Tensor (0 ms total)

[----------] Global test environment tear-down
[==========] 1 test from 1 test suite ran. (0 ms total)
[  PASSED  ] 1 test.
<end of output>
Test time =   0.04 sec
----------------------------------------------------------
Test Passed.
"Tensor.SumAxisReducesCorrectDim" end time: Sep 02 20:16 IST
"Tensor.SumAxisReducesCorrectDim" time elapsed: 00:00:00
----------------------------------------------------------

30/116 Testing: Interp.ConstNodeBroadcastsToItsShape
30/116 Test: Interp.ConstNodeBroadcastsToItsShape
Command: "/home/mbhardwaj/Documents/madhav_files/placement_prep/minijax-cpp/minijax-cpp-archive/build/minijax_tests" "--gtest_filter=Interp.ConstNodeBroadcastsToItsShape" "--gtest_also_run_disabled_tests"
Directory: /home/mbhardwaj/Documents/madhav_files/placement_prep/minijax-cpp/minijax-cpp-archive/build
"Interp.ConstNodeBroadcastsToItsShape" start time: Sep 02 20:16 IST
Output:
----------------------------------------------------------
Running main() from /home/mbhardwaj/Documents/madhav_files/placement_prep/minijax-cpp/minijax-cpp-archive/build/_deps/googletest-src/googletest/src/gtest_main.cc
Note: Google Test filter = Interp.ConstNodeBroadcastsToItsShape
[==========] Running 1 test from 1 test suite.
[----------] Global test environment set-up.
[----------] 1 test from Interp
[ RUN      ] Interp.ConstNodeBroadcastsToItsShape
[       OK ] Interp.ConstNodeBroadcastsToItsShape (0 ms)
[----------] 1 test from Interp (0 ms total)

[----------] Global test environment tear-down
[==========] 1 test from 1 test suite ran. (0 ms total)
[  PASSED  ] 1 test.
<end of output>
Test time =   0.04 sec
----------------------------------------------------------
Test Passed.
"Interp.ConstNodeBroadcastsToItsShape" end time: Sep 02 20:16 IST
"Interp.ConstNodeBroadcastsToItsShape" time elapsed: 00:00:00
----------------------------------------------------------

110/116 Testing: Vm.MatchesInterpreterAfterCompact
110/116 Test: Vm.MatchesInterpreterAfterCompact
Command: "/home/mbhardwaj/Documents/madhav_files/placement_prep/minijax-cpp/minijax-cpp-archive/build/minijax_tests" "--gtest_filter=Vm.MatchesInterpreterAfterCompact" "--gtest_also_run_disabled_tests"
Directory: /home/mbhardwaj/Documents/madhav_files/placement_prep/minijax-cpp/minijax-cpp-archive/build
"Vm.MatchesInterpreterAfterCompact" start time: Sep 02 20:16 IST
Output:
----------------------------------------------------------
Running main() from /home/mbhardwaj/Documents/madhav_files/placement_prep/minijax-cpp/minijax-cpp-archive/build/_deps/googletest-src/googletest/src/gtest_main.cc
Note: Google Test filter = Vm.MatchesInterpreterAfterCompact
[==========] Running 1 test from 1 test suite.
[----------] Global test environment set-up.
[----------] 1 test from Vm
[ RUN      ] Vm.MatchesInterpreterAfterCompact
[       OK ] Vm.MatchesInterpreterAfterCompact (0 ms)
[----------] 1 test from Vm (0 ms total)

[----------] Global test environment tear-down
[==========] 1 test from 1 test suite ran. (0 ms total)
[  PASSED  ] 1 test.
<end of output>
Test time =   0.03 sec
----------------------------------------------------------
Test Passed.
"Vm.MatchesInterpreterAfterCompact" end time: Sep 02 20:16 IST
"Vm.MatchesInterpreterAfterCompact" time elapsed: 00:00:00
----------------------------------------------------------

7/116 Testing: Autodiff.ExpLogGradcheck
7/116 Test: Autodiff.ExpLogGradcheck
Command: "/home/mbhardwaj/Documents/madhav_files/placement_prep/minijax-cpp/minijax-cpp-archive/build/minijax_tests" "--gtest_filter=Autodiff.ExpLogGradcheck" "--gtest_also_run_disabled_tests"
Directory: /home/mbhardwaj/Documents/madhav_files/placement_prep/minijax-cpp/minijax-cpp-archive/build
"Autodiff.ExpLogGradcheck" start time: Sep 02 20:16 IST
Output:
----------------------------------------------------------
Running main() from /home/mbhardwaj/Documents/madhav_files/placement_prep/minijax-cpp/minijax-cpp-archive/build/_deps/googletest-src/googletest/src/gtest_main.cc
Note: Google Test filter = Autodiff.ExpLogGradcheck
[==========] Running 1 test from 1 test suite.
[----------] Global test environment set-up.
[----------] 1 test from Autodiff
[ RUN      ] Autodiff.ExpLogGradcheck
[       OK ] Autodiff.ExpLogGradcheck (0 ms)
[----------] 1 test from Autodiff (0 ms total)

[----------] Global test environment tear-down
[==========] 1 test from 1 test suite ran. (0 ms total)
[  PASSED  ] 1 test.
<end of output>
Test time =   0.03 sec
----------------------------------------------------------
Test Passed.
"Autodiff.ExpLogGradcheck" end time: Sep 02 20:16 IST
"Autodiff.ExpLogGradcheck" time elapsed: 00:00:00
----------------------------------------------------------

18/116 Testing: Frontend.LossProgramRunsFromSourceTextAndMatchesHandComputed
18/116 Test: Frontend.LossProgramRunsFromSourceTextAndMatchesHandComputed
Command: "/home/mbhardwaj/Documents/madhav_files/placement_prep/minijax-cpp/minijax-cpp-archive/build/minijax_tests" "--gtest_filter=Frontend.LossProgramRunsFromSourceTextAndMatchesHandComputed" "--gtest_also_run_disabled_tests"
Directory: /home/mbhardwaj/Documents/madhav_files/placement_prep/minijax-cpp/minijax-cpp-archive/build
"Frontend.LossProgramRunsFromSourceTextAndMatchesHandComputed" start time: Sep 02 20:16 IST
Output:
----------------------------------------------------------
Running main() from /home/mbhardwaj/Documents/madhav_files/placement_prep/minijax-cpp/minijax-cpp-archive/build/_deps/googletest-src/googletest/src/gtest_main.cc
Note: Google Test filter = Frontend.LossProgramRunsFromSourceTextAndMatchesHandComputed
[==========] Running 1 test from 1 test suite.
[----------] Global test environment set-up.
[----------] 1 test from Frontend
[ RUN      ] Frontend.LossProgramRunsFromSourceTextAndMatchesHandComputed
[       OK ] Frontend.LossProgramRunsFromSourceTextAndMatchesHandComputed (0 ms)
[----------] 1 test from Frontend (0 ms total)

[----------] Global test environment tear-down
[==========] 1 test from 1 test suite ran. (0 ms total)
[  PASSED  ] 1 test.
<end of output>
Test time =   0.04 sec
----------------------------------------------------------
Test Passed.
"Frontend.LossProgramRunsFromSourceTextAndMatchesHandComputed" end time: Sep 02 20:16 IST
"Frontend.LossProgramRunsFromSourceTextAndMatchesHandComputed" time elapsed: 00:00:00
----------------------------------------------------------

8/116 Testing: Autodiff.SqrtGradcheck
8/116 Test: Autodiff.SqrtGradcheck
Command: "/home/mbhardwaj/Documents/madhav_files/placement_prep/minijax-cpp/minijax-cpp-archive/build/minijax_tests" "--gtest_filter=Autodiff.SqrtGradcheck" "--gtest_also_run_disabled_tests"
Directory: /home/mbhardwaj/Documents/madhav_files/placement_prep/minijax-cpp/minijax-cpp-archive/build
"Autodiff.SqrtGradcheck" start time: Sep 02 20:16 IST
Output:
----------------------------------------------------------
Running main() from /home/mbhardwaj/Documents/madhav_files/placement_prep/minijax-cpp/minijax-cpp-archive/build/_deps/googletest-src/googletest/src/gtest_main.cc
Note: Google Test filter = Autodiff.SqrtGradcheck
[==========] Running 1 test from 1 test suite.
[----------] Global test environment set-up.
[----------] 1 test from Autodiff
[ RUN      ] Autodiff.SqrtGradcheck
[       OK ] Autodiff.SqrtGradcheck (0 ms)
[----------] 1 test from Autodiff (0 ms total)

[----------] Global test environment tear-down
[==========] 1 test from 1 test suite ran. (0 ms total)
[  PASSED  ] 1 test.
<end of output>
Test time =   0.04 sec
----------------------------------------------------------
Test Passed.
"Autodiff.SqrtGradcheck" end time: Sep 02 20:16 IST
"Autodiff.SqrtGradcheck" time elapsed: 00:00:00
----------------------------------------------------------

29/116 Testing: Interp.ReluZerosOutNegatives
29/116 Test: Interp.ReluZerosOutNegatives
Command: "/home/mbhardwaj/Documents/madhav_files/placement_prep/minijax-cpp/minijax-cpp-archive/build/minijax_tests" "--gtest_filter=Interp.ReluZerosOutNegatives" "--gtest_also_run_disabled_tests"
Directory: /home/mbhardwaj/Documents/madhav_files/placement_prep/minijax-cpp/minijax-cpp-archive/build
"Interp.ReluZerosOutNegatives" start time: Sep 02 20:16 IST
Output:
----------------------------------------------------------
Running main() from /home/mbhardwaj/Documents/madhav_files/placement_prep/minijax-cpp/minijax-cpp-archive/build/_deps/googletest-src/googletest/src/gtest_main.cc
Note: Google Test filter = Interp.ReluZerosOutNegatives
[==========] Running 1 test from 1 test suite.
[----------] Global test environment set-up.
[----------] 1 test from Interp
[ RUN      ] Interp.ReluZerosOutNegatives
[       OK ] Interp.ReluZerosOutNegatives (0 ms)
[----------] 1 test from Interp (0 ms total)

[----------] Global test environment tear-down
[==========] 1 test from 1 test suite ran. (0 ms total)
[  PASSED  ] 1 test.
<end of output>
Test time =   0.04 sec
----------------------------------------------------------
Test Passed.
"Interp.ReluZerosOutNegatives" end time: Sep 02 20:16 IST
"Interp.ReluZerosOutNegatives" time elapsed: 00:00:00
----------------------------------------------------------

2/116 Testing: Autodiff.MulGradIsOtherOperand
2/116 Test: Autodiff.MulGradIsOtherOperand
Command: "/home/mbhardwaj/Documents/madhav_files/placement_prep/minijax-cpp/minijax-cpp-archive/build/minijax_tests" "--gtest_filter=Autodiff.MulGradIsOtherOperand" "--gtest_also_run_disabled_tests"
Directory: /home/mbhardwaj/Documents/madhav_files/placement_prep/minijax-cpp/minijax-cpp-archive/build
"Autodiff.MulGradIsOtherOperand" start time: Sep 02 20:16 IST
Output:
----------------------------------------------------------
Running main() from /home/mbhardwaj/Documents/madhav_files/placement_prep/minijax-cpp/minijax-cpp-archive/build/_deps/googletest-src/googletest/src/gtest_main.cc
Note: Google Test filter = Autodiff.MulGradIsOtherOperand
[==========] Running 1 test from 1 test suite.
[----------] Global test environment set-up.
[----------] 1 test from Autodiff
[ RUN      ] Autodiff.MulGradIsOtherOperand
[       OK ] Autodiff.MulGradIsOtherOperand (0 ms)
[----------] 1 test from Autodiff (0 ms total)

[----------] Global test environment tear-down
[==========] 1 test from 1 test suite ran. (0 ms total)
[  PASSED  ] 1 test.
<end of output>
Test time =   0.04 sec
----------------------------------------------------------
Test Passed.
"Autodiff.MulGradIsOtherOperand" end time: Sep 02 20:16 IST
"Autodiff.MulGradIsOtherOperand" time elapsed: 00:00:00
----------------------------------------------------------

98/116 Testing: Tensor.BroadcastScalarToShape
98/116 Test: Tensor.BroadcastScalarToShape
Command: "/home/mbhardwaj/Documents/madhav_files/placement_prep/minijax-cpp/minijax-cpp-archive/build/minijax_tests" "--gtest_filter=Tensor.BroadcastScalarToShape" "--gtest_also_run_disabled_tests"
Directory: /home/mbhardwaj/Documents/madhav_files/placement_prep/minijax-cpp/minijax-cpp-archive/build
"Tensor.BroadcastScalarToShape" start time: Sep 02 20:16 IST
Output:
----------------------------------------------------------
Running main() from /home/mbhardwaj/Documents/madhav_files/placement_prep/minijax-cpp/minijax-cpp-archive/build/_deps/googletest-src/googletest/src/gtest_main.cc
Note: Google Test filter = Tensor.BroadcastScalarToShape
[==========] Running 1 test from 1 test suite.
[----------] Global test environment set-up.
[----------] 1 test from Tensor
[ RUN      ] Tensor.BroadcastScalarToShape
[       OK ] Tensor.BroadcastScalarToShape (0 ms)
[----------] 1 test from Tensor (0 ms total)

[----------] Global test environment tear-down
[==========] 1 test from 1 test suite ran. (0 ms total)
[  PASSED  ] 1 test.
<end of output>
Test time =   0.04 sec
----------------------------------------------------------
Test Passed.
"Tensor.BroadcastScalarToShape" end time: Sep 02 20:16 IST
"Tensor.BroadcastScalarToShape" time elapsed: 00:00:00
----------------------------------------------------------

111/116 Testing: Vm.MatchesInterpreterOnGradientGraph
111/116 Test: Vm.MatchesInterpreterOnGradientGraph
Command: "/home/mbhardwaj/Documents/madhav_files/placement_prep/minijax-cpp/minijax-cpp-archive/build/minijax_tests" "--gtest_filter=Vm.MatchesInterpreterOnGradientGraph" "--gtest_also_run_disabled_tests"
Directory: /home/mbhardwaj/Documents/madhav_files/placement_prep/minijax-cpp/minijax-cpp-archive/build
"Vm.MatchesInterpreterOnGradientGraph" start time: Sep 02 20:16 IST
Output:
----------------------------------------------------------
Running main() from /home/mbhardwaj/Documents/madhav_files/placement_prep/minijax-cpp/minijax-cpp-archive/build/_deps/googletest-src/googletest/src/gtest_main.cc
Note: Google Test filter = Vm.MatchesInterpreterOnGradientGraph
[==========] Running 1 test from 1 test suite.
[----------] Global test environment set-up.
[----------] 1 test from Vm
[ RUN      ] Vm.MatchesInterpreterOnGradientGraph
[       OK ] Vm.MatchesInterpreterOnGradientGraph (0 ms)
[----------] 1 test from Vm (0 ms total)

[----------] Global test environment tear-down
[==========] 1 test from 1 test suite ran. (0 ms total)
[  PASSED  ] 1 test.
<end of output>
Test time =   0.04 sec
----------------------------------------------------------
Test Passed.
"Vm.MatchesInterpreterOnGradientGraph" end time: Sep 02 20:16 IST
"Vm.MatchesInterpreterOnGradientGraph" time elapsed: 00:00:00
----------------------------------------------------------

60/116 Testing: Nn.AdamStepDecreasesParamInGradientDirection
60/116 Test: Nn.AdamStepDecreasesParamInGradientDirection
Command: "/home/mbhardwaj/Documents/madhav_files/placement_prep/minijax-cpp/minijax-cpp-archive/build/minijax_tests" "--gtest_filter=Nn.AdamStepDecreasesParamInGradientDirection" "--gtest_also_run_disabled_tests"
Directory: /home/mbhardwaj/Documents/madhav_files/placement_prep/minijax-cpp/minijax-cpp-archive/build
"Nn.AdamStepDecreasesParamInGradientDirection" start time: Sep 02 20:16 IST
Output:
----------------------------------------------------------
Running main() from /home/mbhardwaj/Documents/madhav_files/placement_prep/minijax-cpp/minijax-cpp-archive/build/_deps/googletest-src/googletest/src/gtest_main.cc
Note: Google Test filter = Nn.AdamStepDecreasesParamInGradientDirection
[==========] Running 1 test from 1 test suite.
[----------] Global test environment set-up.
[----------] 1 test from Nn
[ RUN      ] Nn.AdamStepDecreasesParamInGradientDirection
[       OK ] Nn.AdamStepDecreasesParamInGradientDirection (0 ms)
[----------] 1 test from Nn (0 ms total)

[----------] Global test environment tear-down
[==========] 1 test from 1 test suite ran. (0 ms total)
[  PASSED  ] 1 test.
<end of output>
Test time =   0.05 sec
----------------------------------------------------------
Test Passed.
"Nn.AdamStepDecreasesParamInGradientDirection" end time: Sep 02 20:16 IST
"Nn.AdamStepDecreasesParamInGradientDirection" time elapsed: 00:00:00
----------------------------------------------------------

116/116 Testing: Vm.UninitializedRegisterReadThrows
116/116 Test: Vm.UninitializedRegisterReadThrows
Command: "/home/mbhardwaj/Documents/madhav_files/placement_prep/minijax-cpp/minijax-cpp-archive/build/minijax_tests" "--gtest_filter=Vm.UninitializedRegisterReadThrows" "--gtest_also_run_disabled_tests"
Directory: /home/mbhardwaj/Documents/madhav_files/placement_prep/minijax-cpp/minijax-cpp-archive/build
"Vm.UninitializedRegisterReadThrows" start time: Sep 02 20:16 IST
Output:
----------------------------------------------------------
Running main() from /home/mbhardwaj/Documents/madhav_files/placement_prep/minijax-cpp/minijax-cpp-archive/build/_deps/googletest-src/googletest/src/gtest_main.cc
Note: Google Test filter = Vm.UninitializedRegisterReadThrows
[==========] Running 1 test from 1 test suite.
[----------] Global test environment set-up.
[----------] 1 test from Vm
[ RUN      ] Vm.UninitializedRegisterReadThrows
[       OK ] Vm.UninitializedRegisterReadThrows (0 ms)
[----------] 1 test from Vm (0 ms total)

[----------] Global test environment tear-down
[==========] 1 test from 1 test suite ran. (0 ms total)
[  PASSED  ] 1 test.
<end of output>
Test time =   0.04 sec
----------------------------------------------------------
Test Passed.
"Vm.UninitializedRegisterReadThrows" end time: Sep 02 20:16 IST
"Vm.UninitializedRegisterReadThrows" time elapsed: 00:00:00
----------------------------------------------------------

45/116 Testing: Jit.RejectsPhase9OpsAtCompileTimeWithClearError
45/116 Test: Jit.RejectsPhase9OpsAtCompileTimeWithClearError
Command: "/home/mbhardwaj/Documents/madhav_files/placement_prep/minijax-cpp/minijax-cpp-archive/build/minijax_tests" "--gtest_filter=Jit.RejectsPhase9OpsAtCompileTimeWithClearError" "--gtest_also_run_disabled_tests"
Directory: /home/mbhardwaj/Documents/madhav_files/placement_prep/minijax-cpp/minijax-cpp-archive/build
"Jit.RejectsPhase9OpsAtCompileTimeWithClearError" start time: Sep 02 20:16 IST
Output:
----------------------------------------------------------
Running main() from /home/mbhardwaj/Documents/madhav_files/placement_prep/minijax-cpp/minijax-cpp-archive/build/_deps/googletest-src/googletest/src/gtest_main.cc
Note: Google Test filter = Jit.RejectsPhase9OpsAtCompileTimeWithClearError
[==========] Running 1 test from 1 test suite.
[----------] Global test environment set-up.
[----------] 1 test from Jit
[ RUN      ] Jit.RejectsPhase9OpsAtCompileTimeWithClearError
[       OK ] Jit.RejectsPhase9OpsAtCompileTimeWithClearError (3 ms)
[----------] 1 test from Jit (3 ms total)

[----------] Global test environment tear-down
[==========] 1 test from 1 test suite ran. (3 ms total)
[  PASSED  ] 1 test.
<end of output>
Test time =   0.05 sec
----------------------------------------------------------
Test Passed.
"Jit.RejectsPhase9OpsAtCompileTimeWithClearError" end time: Sep 02 20:16 IST
"Jit.RejectsPhase9OpsAtCompileTimeWithClearError" time elapsed: 00:00:00
----------------------------------------------------------

34/116 Testing: Ir.TopoOrderInvariant
34/116 Test: Ir.TopoOrderInvariant
Command: "/home/mbhardwaj/Documents/madhav_files/placement_prep/minijax-cpp/minijax-cpp-archive/build/minijax_tests" "--gtest_filter=Ir.TopoOrderInvariant" "--gtest_also_run_disabled_tests"
Directory: /home/mbhardwaj/Documents/madhav_files/placement_prep/minijax-cpp/minijax-cpp-archive/build
"Ir.TopoOrderInvariant" start time: Sep 02 20:16 IST
Output:
----------------------------------------------------------
Running main() from /home/mbhardwaj/Documents/madhav_files/placement_prep/minijax-cpp/minijax-cpp-archive/build/_deps/googletest-src/googletest/src/gtest_main.cc
Note: Google Test filter = Ir.TopoOrderInvariant
[==========] Running 1 test from 1 test suite.
[----------] Global test environment set-up.
[----------] 1 test from Ir
[ RUN      ] Ir.TopoOrderInvariant
[       OK ] Ir.TopoOrderInvariant (0 ms)
[----------] 1 test from Ir (0 ms total)

[----------] Global test environment tear-down
[==========] 1 test from 1 test suite ran. (0 ms total)
[  PASSED  ] 1 test.
<end of output>
Test time =   0.04 sec
----------------------------------------------------------
Test Passed.
"Ir.TopoOrderInvariant" end time: Sep 02 20:16 IST
"Ir.TopoOrderInvariant" time elapsed: 00:00:00
----------------------------------------------------------

28/116 Testing: Interp.LossFixtureHandComputed
28/116 Test: Interp.LossFixtureHandComputed
[...]
Running main() from /home/mbhardwaj/Documents/madhav_files/placement_prep/minijax-cpp/minijax-cpp-archive/build/_deps/googletest-src/googletest/src/gtest_main.cc
Note: Google Test filter = Opt.LossFixtureOptimizedMatchesOriginal
[==========] Running 1 test from 1 test suite.
[----------] Global test environment set-up.
[----------] 1 test from Opt
[ RUN      ] Opt.LossFixtureOptimizedMatchesOriginal
[       OK ] Opt.LossFixtureOptimizedMatchesOriginal (0 ms)
[----------] 1 test from Opt (0 ms total)

[----------] Global test environment tear-down
[==========] 1 test from 1 test suite ran. (0 ms total)
[  PASSED  ] 1 test.
<end of output>
Test time =   0.03 sec
----------------------------------------------------------
Test Passed.
"Opt.LossFixtureOptimizedMatchesOriginal" end time: Sep 02 20:16 IST
"Opt.LossFixtureOptimizedMatchesOriginal" time elapsed: 00:00:00
----------------------------------------------------------

73/116 Testing: Opt.OptimizeSoundStillEliminatesAddZero
73/116 Test: Opt.OptimizeSoundStillEliminatesAddZero
Command: "/home/mbhardwaj/Documents/madhav_files/placement_prep/minijax-cpp/minijax-cpp-archive/build/minijax_tests" "--gtest_filter=Opt.OptimizeSoundStillEliminatesAddZero" "--gtest_also_run_disabled_tests"
Directory: /home/mbhardwaj/Documents/madhav_files/placement_prep/minijax-cpp/minijax-cpp-archive/build
"Opt.OptimizeSoundStillEliminatesAddZero" start time: Sep 02 20:16 IST
Output:
----------------------------------------------------------
Running main() from /home/mbhardwaj/Documents/madhav_files/placement_prep/minijax-cpp/minijax-cpp-archive/build/_deps/googletest-src/googletest/src/gtest_main.cc
Note: Google Test filter = Opt.OptimizeSoundStillEliminatesAddZero
[==========] Running 1 test from 1 test suite.
[----------] Global test environment set-up.
[----------] 1 test from Opt
[ RUN      ] Opt.OptimizeSoundStillEliminatesAddZero
[       OK ] Opt.OptimizeSoundStillEliminatesAddZero (0 ms)
[----------] 1 test from Opt (0 ms total)

[----------] Global test environment tear-down
[==========] 1 test from 1 test suite ran. (0 ms total)
[  PASSED  ] 1 test.
<end of output>
Test time =   0.03 sec
----------------------------------------------------------
Test Passed.
"Opt.OptimizeSoundStillEliminatesAddZero" end time: Sep 02 20:16 IST
"Opt.OptimizeSoundStillEliminatesAddZero" time elapsed: 00:00:00
----------------------------------------------------------

10/116 Testing: Autodiff.SumAxisGradcheck
10/116 Test: Autodiff.SumAxisGradcheck
Command: "/home/mbhardwaj/Documents/madhav_files/placement_prep/minijax-cpp/minijax-cpp-archive/build/minijax_tests" "--gtest_filter=Autodiff.SumAxisGradcheck" "--gtest_also_run_disabled_tests"
Directory: /home/mbhardwaj/Documents/madhav_files/placement_prep/minijax-cpp/minijax-cpp-archive/build
"Autodiff.SumAxisGradcheck" start time: Sep 02 20:16 IST
Output:
----------------------------------------------------------
Running main() from /home/mbhardwaj/Documents/madhav_files/placement_prep/minijax-cpp/minijax-cpp-archive/build/_deps/googletest-src/googletest/src/gtest_main.cc
Note: Google Test filter = Autodiff.SumAxisGradcheck
[==========] Running 1 test from 1 test suite.
[----------] Global test environment set-up.
[----------] 1 test from Autodiff
[ RUN      ] Autodiff.SumAxisGradcheck
[       OK ] Autodiff.SumAxisGradcheck (0 ms)
[----------] 1 test from Autodiff (0 ms total)

[----------] Global test environment tear-down
[==========] 1 test from 1 test suite ran. (0 ms total)
[  PASSED  ] 1 test.
<end of output>
Test time =   0.03 sec
----------------------------------------------------------
Test Passed.
"Autodiff.SumAxisGradcheck" end time: Sep 02 20:16 IST
"Autodiff.SumAxisGradcheck" time elapsed: 00:00:00
----------------------------------------------------------

14/116 Testing: Autodiff.UnusedWrtGivesZeroGrad
14/116 Test: Autodiff.UnusedWrtGivesZeroGrad
Command: "/home/mbhardwaj/Documents/madhav_files/placement_prep/minijax-cpp/minijax-cpp-archive/build/minijax_tests" "--gtest_filter=Autodiff.UnusedWrtGivesZeroGrad" "--gtest_also_run_disabled_tests"
Directory: /home/mbhardwaj/Documents/madhav_files/placement_prep/minijax-cpp/minijax-cpp-archive/build
"Autodiff.UnusedWrtGivesZeroGrad" start time: Sep 02 20:16 IST
Output:
----------------------------------------------------------
Running main() from /home/mbhardwaj/Documents/madhav_files/placement_prep/minijax-cpp/minijax-cpp-archive/build/_deps/googletest-src/googletest/src/gtest_main.cc
Note: Google Test filter = Autodiff.UnusedWrtGivesZeroGrad
[==========] Running 1 test from 1 test suite.
[----------] Global test environment set-up.
[----------] 1 test from Autodiff
[ RUN      ] Autodiff.UnusedWrtGivesZeroGrad
[       OK ] Autodiff.UnusedWrtGivesZeroGrad (0 ms)
[----------] 1 test from Autodiff (0 ms total)

[----------] Global test environment tear-down
[==========] 1 test from 1 test suite ran. (0 ms total)
[  PASSED  ] 1 test.
<end of output>
Test time =   0.03 sec
----------------------------------------------------------
Test Passed.
"Autodiff.UnusedWrtGivesZeroGrad" end time: Sep 02 20:16 IST
"Autodiff.UnusedWrtGivesZeroGrad" time elapsed: 00:00:00
----------------------------------------------------------

23/116 Testing: Fuzz.InterpVsVmOracleAgreesOnKnownGoodGraph
23/116 Test: Fuzz.InterpVsVmOracleAgreesOnKnownGoodGraph
Command: "/home/mbhardwaj/Documents/madhav_files/placement_prep/minijax-cpp/minijax-cpp-archive/build/minijax_tests" "--gtest_filter=Fuzz.InterpVsVmOracleAgreesOnKnownGoodGraph" "--gtest_also_run_disabled_tests"
Directory: /home/mbhardwaj/Documents/madhav_files/placement_prep/minijax-cpp/minijax-cpp-archive/build
"Fuzz.InterpVsVmOracleAgreesOnKnownGoodGraph" start time: Sep 02 20:16 IST
Output:
----------------------------------------------------------
Running main() from /home/mbhardwaj/Documents/madhav_files/placement_prep/minijax-cpp/minijax-cpp-archive/build/_deps/googletest-src/googletest/src/gtest_main.cc
Note: Google Test filter = Fuzz.InterpVsVmOracleAgreesOnKnownGoodGraph
[==========] Running 1 test from 1 test suite.
[----------] Global test environment set-up.
[----------] 1 test from Fuzz
[ RUN      ] Fuzz.InterpVsVmOracleAgreesOnKnownGoodGraph
[       OK ] Fuzz.InterpVsVmOracleAgreesOnKnownGoodGraph (0 ms)
[----------] 1 test from Fuzz (0 ms total)

[----------] Global test environment tear-down
[==========] 1 test from 1 test suite ran. (0 ms total)
[  PASSED  ] 1 test.
<end of output>
Test time =   0.03 sec
----------------------------------------------------------
Test Passed.
"Fuzz.InterpVsVmOracleAgreesOnKnownGoodGraph" end time: Sep 02 20:16 IST
"Fuzz.InterpVsVmOracleAgreesOnKnownGoodGraph" time elapsed: 00:00:00
----------------------------------------------------------

94/116 Testing: Tensor.ReluAndStep
94/116 Test: Tensor.ReluAndStep
Command: "/home/mbhardwaj/Documents/madhav_files/placement_prep/minijax-cpp/minijax-cpp-archive/build/minijax_tests" "--gtest_filter=Tensor.ReluAndStep" "--gtest_also_run_disabled_tests"
Directory: /home/mbhardwaj/Documents/madhav_files/placement_prep/minijax-cpp/minijax-cpp-archive/build
"Tensor.ReluAndStep" start time: Sep 02 20:16 IST
Output:
----------------------------------------------------------
Running main() from /home/mbhardwaj/Documents/madhav_files/placement_prep/minijax-cpp/minijax-cpp-archive/build/_deps/googletest-src/googletest/src/gtest_main.cc
Note: Google Test filter = Tensor.ReluAndStep
[==========] Running 1 test from 1 test suite.
[----------] Global test environment set-up.
[----------] 1 test from Tensor
[ RUN      ] Tensor.ReluAndStep
[       OK ] Tensor.ReluAndStep (0 ms)
[----------] 1 test from Tensor (0 ms total)

[----------] Global test environment tear-down
[==========] 1 test from 1 test suite ran. (0 ms total)
[  PASSED  ] 1 test.
<end of output>
Test time =   0.02 sec
----------------------------------------------------------
Test Passed.
"Tensor.ReluAndStep" end time: Sep 02 20:16 IST
"Tensor.ReluAndStep" time elapsed: 00:00:00
----------------------------------------------------------

68/116 Testing: Opt.DoubleNegationCancels
68/116 Test: Opt.DoubleNegationCancels
Command: "/home/mbhardwaj/Documents/madhav_files/placement_prep/minijax-cpp/minijax-cpp-archive/build/minijax_tests" "--gtest_filter=Opt.DoubleNegationCancels" "--gtest_also_run_disabled_tests"
Directory: /home/mbhardwaj/Documents/madhav_files/placement_prep/minijax-cpp/minijax-cpp-archive/build
"Opt.DoubleNegationCancels" start time: Sep 02 20:16 IST
Output:
----------------------------------------------------------
Running main() from /home/mbhardwaj/Documents/madhav_files/placement_prep/minijax-cpp/minijax-cpp-archive/build/_deps/googletest-src/googletest/src/gtest_main.cc
Note: Google Test filter = Opt.DoubleNegationCancels
[==========] Running 1 test from 1 test suite.
[----------] Global test environment set-up.
[----------] 1 test from Opt
[ RUN      ] Opt.DoubleNegationCancels
[       OK ] Opt.DoubleNegationCancels (0 ms)
[----------] 1 test from Opt (0 ms total)

[----------] Global test environment tear-down
[==========] 1 test from 1 test suite ran. (0 ms total)
[  PASSED  ] 1 test.
<end of output>
Test time =   0.02 sec
----------------------------------------------------------
Test Passed.
"Opt.DoubleNegationCancels" end time: Sep 02 20:16 IST
"Opt.DoubleNegationCancels" time elapsed: 00:00:00
----------------------------------------------------------

24/116 Testing: Fuzz.MetamorphicOracleAgreesOnKnownGoodGraph
24/116 Test: Fuzz.MetamorphicOracleAgreesOnKnownGoodGraph
Command: "/home/mbhardwaj/Documents/madhav_files/placement_prep/minijax-cpp/minijax-cpp-archive/build/minijax_tests" "--gtest_filter=Fuzz.MetamorphicOracleAgreesOnKnownGoodGraph" "--gtest_also_run_disabled_tests"
Directory: /home/mbhardwaj/Documents/madhav_files/placement_prep/minijax-cpp/minijax-cpp-archive/build
"Fuzz.MetamorphicOracleAgreesOnKnownGoodGraph" start time: Sep 02 20:16 IST
Output:
----------------------------------------------------------
Running main() from /home/mbhardwaj/Documents/madhav_files/placement_prep/minijax-cpp/minijax-cpp-archive/build/_deps/googletest-src/googletest/src/gtest_main.cc
Note: Google Test filter = Fuzz.MetamorphicOracleAgreesOnKnownGoodGraph
[==========] Running 1 test from 1 test suite.
[----------] Global test environment set-up.
[----------] 1 test from Fuzz
[ RUN      ] Fuzz.MetamorphicOracleAgreesOnKnownGoodGraph
[       OK ] Fuzz.MetamorphicOracleAgreesOnKnownGoodGraph (0 ms)
[----------] 1 test from Fuzz (0 ms total)

[----------] Global test environment tear-down
[==========] 1 test from 1 test suite ran. (0 ms total)
[  PASSED  ] 1 test.
<end of output>
Test time =   0.03 sec
----------------------------------------------------------
Test Passed.
"Fuzz.MetamorphicOracleAgreesOnKnownGoodGraph" end time: Sep 02 20:16 IST
"Fuzz.MetamorphicOracleAgreesOnKnownGoodGraph" time elapsed: 00:00:00
----------------------------------------------------------

67/116 Testing: Opt.MulOneAndMulZero
67/116 Test: Opt.MulOneAndMulZero
Command: "/home/mbhardwaj/Documents/madhav_files/placement_prep/minijax-cpp/minijax-cpp-archive/build/minijax_tests" "--gtest_filter=Opt.MulOneAndMulZero" "--gtest_also_run_disabled_tests"
Directory: /home/mbhardwaj/Documents/madhav_files/placement_prep/minijax-cpp/minijax-cpp-archive/build
"Opt.MulOneAndMulZero" start time: Sep 02 20:16 IST
Output:
----------------------------------------------------------
Running main() from /home/mbhardwaj/Documents/madhav_files/placement_prep/minijax-cpp/minijax-cpp-archive/build/_deps/googletest-src/googletest/src/gtest_main.cc
Note: Google Test filter = Opt.MulOneAndMulZero
[==========] Running 1 test from 1 test suite.
[----------] Global test environment set-up.
[----------] 1 test from Opt
[ RUN      ] Opt.MulOneAndMulZero
[       OK ] Opt.MulOneAndMulZero (0 ms)
[----------] 1 test from Opt (0 ms total)

[----------] Global test environment tear-down
[==========] 1 test from 1 test suite ran. (0 ms total)
[  PASSED  ] 1 test.
<end of output>
Test time =   0.02 sec
----------------------------------------------------------
Test Passed.
"Opt.MulOneAndMulZero" end time: Sep 02 20:16 IST
"Opt.MulOneAndMulZero" time elapsed: 00:00:00
----------------------------------------------------------

66/116 Testing: Opt.AddZeroEliminated
66/116 Test: Opt.AddZeroEliminated
Command: "/home/mbhardwaj/Documents/madhav_files/placement_prep/minijax-cpp/minijax-cpp-archive/build/minijax_tests" "--gtest_filter=Opt.AddZeroEliminated" "--gtest_also_run_disabled_tests"
Directory: /home/mbhardwaj/Documents/madhav_files/placement_prep/minijax-cpp/minijax-cpp-archive/build
"Opt.AddZeroEliminated" start time: Sep 02 20:16 IST
Output:
----------------------------------------------------------
Running main() from /home/mbhardwaj/Documents/madhav_files/placement_prep/minijax-cpp/minijax-cpp-archive/build/_deps/googletest-src/googletest/src/gtest_main.cc
Note: Google Test filter = Opt.AddZeroEliminated
[==========] Running 1 test from 1 test suite.
[----------] Global test environment set-up.
[----------] 1 test from Opt
[ RUN      ] Opt.AddZeroEliminated
[       OK ] Opt.AddZeroEliminated (0 ms)
[----------] 1 test from Opt (0 ms total)

[----------] Global test environment tear-down
[==========] 1 test from 1 test suite ran. (0 ms total)
[  PASSED  ] 1 test.
<end of output>
Test time =   0.02 sec
----------------------------------------------------------
Test Passed.
"Opt.AddZeroEliminated" end time: Sep 02 20:16 IST
"Opt.AddZeroEliminated" time elapsed: 00:00:00
----------------------------------------------------------

104/116 Testing: Verify.AssociativityIsSoundOverRealsButNotFloats
104/116 Test: Verify.AssociativityIsSoundOverRealsButNotFloats
Command: "/home/mbhardwaj/Documents/madhav_files/placement_prep/minijax-cpp/minijax-cpp-archive/build/minijax_tests" "--gtest_filter=Verify.AssociativityIsSoundOverRealsButNotFloats" "--gtest_also_run_disabled_tests"
Directory: /home/mbhardwaj/Documents/madhav_files/placement_prep/minijax-cpp/minijax-cpp-archive/build
"Verify.AssociativityIsSoundOverRealsButNotFloats" start time: Sep 02 20:16 IST
Output:
----------------------------------------------------------
Running main() from /home/mbhardwaj/Documents/madhav_files/placement_prep/minijax-cpp/minijax-cpp-archive/build/_deps/googletest-src/googletest/src/gtest_main.cc
Note: Google Test filter = Verify.AssociativityIsSoundOverRealsButNotFloats
[==========] Running 1 test from 1 test suite.
[----------] Global test environment set-up.
[----------] 1 test from Verify
[ RUN      ] Verify.AssociativityIsSoundOverRealsButNotFloats
[       OK ] Verify.AssociativityIsSoundOverRealsButNotFloats (712 ms)
[----------] 1 test from Verify (712 ms total)

[----------] Global test environment tear-down
[==========] 1 test from 1 test suite ran. (712 ms total)
[  PASSED  ] 1 test.
<end of output>
Test time =   0.75 sec
----------------------------------------------------------
Test Passed.
"Verify.AssociativityIsSoundOverRealsButNotFloats" end time: Sep 02 20:16 IST
"Verify.AssociativityIsSoundOverRealsButNotFloats" time elapsed: 00:00:00
----------------------------------------------------------

27/116 Testing: Fuzz.SeededCampaignWithJitOracleFindsNoFailures
27/116 Test: Fuzz.SeededCampaignWithJitOracleFindsNoFailures
Command: "/home/mbhardwaj/Documents/madhav_files/placement_prep/minijax-cpp/minijax-cpp-archive/build/minijax_tests" "--gtest_filter=Fuzz.SeededCampaignWithJitOracleFindsNoFailures" "--gtest_also_run_disabled_tests"
Directory: /home/mbhardwaj/Documents/madhav_files/placement_prep/minijax-cpp/minijax-cpp-archive/build
"Fuzz.SeededCampaignWithJitOracleFindsNoFailures" start time: Sep 02 20:16 IST
Output:
----------------------------------------------------------
Running main() from /home/mbhardwaj/Documents/madhav_files/placement_prep/minijax-cpp/minijax-cpp-archive/build/_deps/googletest-src/googletest/src/gtest_main.cc
Note: Google Test filter = Fuzz.SeededCampaignWithJitOracleFindsNoFailures
[==========] Running 1 test from 1 test suite.
[----------] Global test environment set-up.
[----------] 1 test from Fuzz
[ RUN      ] Fuzz.SeededCampaignWithJitOracleFindsNoFailures
[       OK ] Fuzz.SeededCampaignWithJitOracleFindsNoFailures (1014 ms)
[----------] 1 test from Fuzz (1014 ms total)

[----------] Global test environment tear-down
[==========] 1 test from 1 test suite ran. (1015 ms total)
[  PASSED  ] 1 test.
<end of output>
Test time =   1.04 sec
----------------------------------------------------------
Test Passed.
"Fuzz.SeededCampaignWithJitOracleFindsNoFailures" end time: Sep 02 20:16 IST
"Fuzz.SeededCampaignWithJitOracleFindsNoFailures" time elapsed: 00:00:01
----------------------------------------------------------

107/116 Testing: Verify.SoundnessReportCoversAllOptimizerRules
107/116 Test: Verify.SoundnessReportCoversAllOptimizerRules
Command: "/home/mbhardwaj/Documents/madhav_files/placement_prep/minijax-cpp/minijax-cpp-archive/build/minijax_tests" "--gtest_filter=Verify.SoundnessReportCoversAllOptimizerRules" "--gtest_also_run_disabled_tests"
Directory: /home/mbhardwaj/Documents/madhav_files/placement_prep/minijax-cpp/minijax-cpp-archive/build
"Verify.SoundnessReportCoversAllOptimizerRules" start time: Sep 02 20:16 IST
Output:
----------------------------------------------------------
Running main() from /home/mbhardwaj/Documents/madhav_files/placement_prep/minijax-cpp/minijax-cpp-archive/build/_deps/googletest-src/googletest/src/gtest_main.cc
Note: Google Test filter = Verify.SoundnessReportCoversAllOptimizerRules
[==========] Running 1 test from 1 test suite.
[----------] Global test environment set-up.
[----------] 1 test from Verify
[ RUN      ] Verify.SoundnessReportCoversAllOptimizerRules
[       OK ] Verify.SoundnessReportCoversAllOptimizerRules (6490 ms)
[----------] 1 test from Verify (6490 ms total)

[----------] Global test environment tear-down
[==========] 1 test from 1 test suite ran. (6490 ms total)
[  PASSED  ] 1 test.
<end of output>
Test time =   6.54 sec
----------------------------------------------------------
Test Passed.
"Verify.SoundnessReportCoversAllOptimizerRules" end time: Sep 02 20:16 IST
"Verify.SoundnessReportCoversAllOptimizerRules" time elapsed: 00:00:06
----------------------------------------------------------

108/116 Testing: Verify.FormatSoundnessReportProducesNonEmptyTable
108/116 Test: Verify.FormatSoundnessReportProducesNonEmptyTable
Command: "/home/mbhardwaj/Documents/madhav_files/placement_prep/minijax-cpp/minijax-cpp-archive/build/minijax_tests" "--gtest_filter=Verify.FormatSoundnessReportProducesNonEmptyTable" "--gtest_also_run_disabled_tests"
Directory: /home/mbhardwaj/Documents/madhav_files/placement_prep/minijax-cpp/minijax-cpp-archive/build
"Verify.FormatSoundnessReportProducesNonEmptyTable" start time: Sep 02 20:16 IST
Output:
----------------------------------------------------------
Running main() from /home/mbhardwaj/Documents/madhav_files/placement_prep/minijax-cpp/minijax-cpp-archive/build/_deps/googletest-src/googletest/src/gtest_main.cc
Note: Google Test filter = Verify.FormatSoundnessReportProducesNonEmptyTable
[==========] Running 1 test from 1 test suite.
[----------] Global test environment set-up.
[----------] 1 test from Verify
[ RUN      ] Verify.FormatSoundnessReportProducesNonEmptyTable
[       OK ] Verify.FormatSoundnessReportProducesNonEmptyTable (6538 ms)
[----------] 1 test from Verify (6538 ms total)

[----------] Global test environment tear-down
[==========] 1 test from 1 test suite ran. (6538 ms total)
[  PASSED  ] 1 test.
<end of output>
Test time =   6.59 sec
----------------------------------------------------------
Test Passed.
"Verify.FormatSoundnessReportProducesNonEmptyTable" end time: Sep 02 20:16 IST
"Verify.FormatSoundnessReportProducesNonEmptyTable" time elapsed: 00:00:06
----------------------------------------------------------

End testing: Sep 02 20:16 IST
