Start testing: Aug 17 18:15 IST
----------------------------------------------------------
4/10 Testing: gradcheck_test
4/10 Test: gradcheck_test
Command: "/home/mbhardwaj/Documents/madhav_files/placement_prep/minijax/minijax/cpp/build/gradcheck_test"
Directory: /home/mbhardwaj/Documents/madhav_files/placement_prep/minijax/minijax/cpp/build
"gradcheck_test" start time: Aug 17 18:15 IST
Output:
----------------------------------------------------------
gradcheck ok
<end of output>
Test time =   0.01 sec
----------------------------------------------------------
Test Passed.
"gradcheck_test" end time: Aug 17 18:15 IST
"gradcheck_test" time elapsed: 00:00:00
----------------------------------------------------------

3/10 Testing: phase2_test
3/10 Test: phase2_test
Command: "/home/mbhardwaj/Documents/madhav_files/placement_prep/minijax/minijax/cpp/build/phase2_test"
Directory: /home/mbhardwaj/Documents/madhav_files/placement_prep/minijax/minijax/cpp/build
"phase2_test" start time: Aug 17 18:15 IST
Output:
----------------------------------------------------------
phase2 ok
<end of output>
Test time =   0.01 sec
----------------------------------------------------------
Test Passed.
"phase2_test" end time: Aug 17 18:15 IST
"phase2_test" time elapsed: 00:00:00
----------------------------------------------------------

2/10 Testing: phase1_test
2/10 Test: phase1_test
Command: "/home/mbhardwaj/Documents/madhav_files/placement_prep/minijax/minijax/cpp/build/phase1_test"
Directory: /home/mbhardwaj/Documents/madhav_files/placement_prep/minijax/minijax/cpp/build
"phase1_test" start time: Aug 17 18:15 IST
Output:
----------------------------------------------------------
phase1 ok
<end of output>
Test time =   0.01 sec
----------------------------------------------------------
Test Passed.
"phase1_test" end time: Aug 17 18:15 IST
"phase1_test" time elapsed: 00:00:00
----------------------------------------------------------

5/10 Testing: opt_test
5/10 Test: opt_test
Command: "/home/mbhardwaj/Documents/madhav_files/placement_prep/minijax/minijax/cpp/build/opt_test"
Directory: /home/mbhardwaj/Documents/madhav_files/placement_prep/minijax/minijax/cpp/build
"opt_test" start time: Aug 17 18:15 IST
Output:
----------------------------------------------------------
graph before:
||2.000000|

||
||3.000000|
|1,2,|
|0,3,|
|4,|
0: op=1 inputs={} const=2 shape_sz=0
1: op=0 inputs={} const=0 shape_sz=0
2: op=1 inputs={} const=3 shape_sz=0
3: op=2 inputs={1,2} const=0 shape_sz=0
4: op=2 inputs={0,3} const=0 shape_sz=0
5: op=17 inputs={4} const=0 shape_sz=0
graph after:
0: op=1 inputs={} const=2 shape_sz=0
1: op=0 inputs={} const=0 shape_sz=0
2: op=1 inputs={} const=3 shape_sz=0
3: op=1 inputs={} const=3 shape_sz=0
4: op=2 inputs={1,3} const=0 shape_sz=0
5: op=1 inputs={} const=5 shape_sz=0
6: op=2 inputs={1,5} const=0 shape_sz=0
7: op=17 inputs={6} const=0 shape_sz=0
opt ok
<end of output>
Test time =   0.00 sec
----------------------------------------------------------
Test Passed.
"opt_test" end time: Aug 17 18:15 IST
"opt_test" time elapsed: 00:00:00
----------------------------------------------------------

1/10 Testing: graph_smoke_test
1/10 Test: graph_smoke_test
Command: "/home/mbhardwaj/Documents/madhav_files/placement_prep/minijax/minijax/cpp/build/graph_smoke_test"
Directory: /home/mbhardwaj/Documents/madhav_files/placement_prep/minijax/minijax/cpp/build
"graph_smoke_test" start time: Aug 17 18:15 IST
Output:
----------------------------------------------------------
loss=5 grad_count=3
<end of output>
Test time =   0.01 sec
----------------------------------------------------------
Test Passed.
"graph_smoke_test" end time: Aug 17 18:15 IST
"graph_smoke_test" time elapsed: 00:00:00
----------------------------------------------------------

6/10 Testing: flatten_test
6/10 Test: flatten_test
Command: "/home/mbhardwaj/Documents/madhav_files/placement_prep/minijax/minijax/cpp/build/flatten_test"
Directory: /home/mbhardwaj/Documents/madhav_files/placement_prep/minijax/minijax/cpp/build
"flatten_test" start time: Aug 17 18:15 IST
Output:
----------------------------------------------------------
flatten tests ok
<end of output>
Test time =   0.00 sec
----------------------------------------------------------
Test Passed.
"flatten_test" end time: Aug 17 18:15 IST
"flatten_test" time elapsed: 00:00:00
----------------------------------------------------------

7/10 Testing: extract_test
7/10 Test: extract_test
Command: "/home/mbhardwaj/Documents/madhav_files/placement_prep/minijax/minijax/cpp/build/extract_test"
Directory: /home/mbhardwaj/Documents/madhav_files/placement_prep/minijax/minijax/cpp/build
"extract_test" start time: Aug 17 18:15 IST
Output:
----------------------------------------------------------
extract test ok
<end of output>
Test time =   0.01 sec
----------------------------------------------------------
Test Passed.
"extract_test" end time: Aug 17 18:15 IST
"extract_test" time elapsed: 00:00:00
----------------------------------------------------------

9/10 Testing: broadcast_flatten_test
9/10 Test: broadcast_flatten_test
Command: "/home/mbhardwaj/Documents/madhav_files/placement_prep/minijax/minijax/cpp/build/broadcast_flatten_test"
Directory: /home/mbhardwaj/Documents/madhav_files/placement_prep/minijax/minijax/cpp/build
"broadcast_flatten_test" start time: Aug 17 18:15 IST
Output:
----------------------------------------------------------
broadcast flatten ok
<end of output>
Test time =   0.00 sec
----------------------------------------------------------
Test Passed.
"broadcast_flatten_test" end time: Aug 17 18:15 IST
"broadcast_flatten_test" time elapsed: 00:00:00
----------------------------------------------------------

8/10 Testing: complex_flatten_test
8/10 Test: complex_flatten_test
Command: "/home/mbhardwaj/Documents/madhav_files/placement_prep/minijax/minijax/cpp/build/complex_flatten_test"
Directory: /home/mbhardwaj/Documents/madhav_files/placement_prep/minijax/minijax/cpp/build
"complex_flatten_test" start time: Aug 17 18:15 IST
Output:
----------------------------------------------------------
complex flatten ok
<end of output>
Test time =   0.00 sec
----------------------------------------------------------
Test Passed.
"complex_flatten_test" end time: Aug 17 18:15 IST
"complex_flatten_test" time elapsed: 00:00:00
----------------------------------------------------------

10/10 Testing: flops_extract_test
10/10 Test: flops_extract_test
Command: "/home/mbhardwaj/Documents/madhav_files/placement_prep/minijax/minijax/cpp/build/flops_extract_test"
Directory: /home/mbhardwaj/Documents/madhav_files/placement_prep/minijax/minijax/cpp/build
"flops_extract_test" start time: Aug 17 18:15 IST
Output:
----------------------------------------------------------
flops extract ok
<end of output>
Test time =   0.00 sec
----------------------------------------------------------
Test Passed.
"flops_extract_test" end time: Aug 17 18:15 IST
"flops_extract_test" time elapsed: 00:00:00
----------------------------------------------------------

End testing: Aug 17 18:15 IST
